Using pre-set license
Built from '2021.3/staging' branch; Version is '2021.3.11f1 (0a5ca18544bf) revision 679073'; Using compiler version '192829333'; Build Type 'Release'
OS: 'Windows 11  (10.0.22621) 64bit Professional' Language: 'en' Physical Memory: 16051 MB
BatchMode: 1, IsHumanControllingUs: 0, StartBugReporterOnCrash: 0, Is64bit: 1, IsPro: 1

COMMAND LINE ARGUMENTS:
C:\Program Files\Unity 2021.3.11f1\Editor\Unity.exe
-adb2
-batchMode
-noUpm
-name
AssetImportWorker0
-projectPath
C:/Users/school/Documents/unity/RESTART Project Folder
-logFile
Logs/AssetImportWorker0.log
-srvPort
54974
Successfully changed project path to: C:/Users/school/Documents/unity/RESTART Project Folder
C:/Users/school/Documents/unity/RESTART Project Folder
[UnityMemory] Configuration Parameters - Can be set up in boot.config
    "memorysetup-bucket-allocator-granularity=16"
    "memorysetup-bucket-allocator-bucket-count=8"
    "memorysetup-bucket-allocator-block-size=33554432"
    "memorysetup-bucket-allocator-block-count=8"
    "memorysetup-main-allocator-block-size=16777216"
    "memorysetup-thread-allocator-block-size=16777216"
    "memorysetup-gfx-main-allocator-block-size=16777216"
    "memorysetup-gfx-thread-allocator-block-size=16777216"
    "memorysetup-cache-allocator-block-size=4194304"
    "memorysetup-typetree-allocator-block-size=2097152"
    "memorysetup-profiler-bucket-allocator-granularity=16"
    "memorysetup-profiler-bucket-allocator-bucket-count=8"
    "memorysetup-profiler-bucket-allocator-block-size=33554432"
    "memorysetup-profiler-bucket-allocator-block-count=8"
    "memorysetup-profiler-allocator-block-size=16777216"
    "memorysetup-profiler-editor-allocator-block-size=1048576"
    "memorysetup-temp-allocator-size-main=16777216"
    "memorysetup-job-temp-allocator-block-size=2097152"
    "memorysetup-job-temp-allocator-block-size-background=1048576"
    "memorysetup-job-temp-allocator-reduction-small-platforms=262144"
    "memorysetup-temp-allocator-size-background-worker=32768"
    "memorysetup-temp-allocator-size-job-worker=262144"
    "memorysetup-temp-allocator-size-preload-manager=33554432"
    "memorysetup-temp-allocator-size-nav-mesh-worker=65536"
    "memorysetup-temp-allocator-size-audio-worker=65536"
    "memorysetup-temp-allocator-size-cloud-worker=32768"
    "memorysetup-temp-allocator-size-gi-baking-worker=262144"
    "memorysetup-temp-allocator-size-gfx=262144"
Refreshing native plugins compatible for Editor in 100.98 ms, found 3 plugins.
Preloading 0 native plugins for Editor in 0.00 ms.
Initialize engine version: 2021.3.11f1 (0a5ca18544bf)
[Subsystems] Discovering subsystems at path C:/Program Files/Unity 2021.3.11f1/Editor/Data/Resources/UnitySubsystems
[Subsystems] Discovering subsystems at path C:/Users/school/Documents/unity/RESTART Project Folder/Assets
GfxDevice: creating device client; threaded=0; jobified=0
Direct3D:
    Version:  Direct3D 11.0 [level 11.1]
    Renderer: Intel(R) Iris(R) Xe Graphics (ID=0x9a49)
    Vendor:   Intel
    VRAM:     8025 MB
    Driver:   31.0.101.3301
Initialize mono
Mono path[0] = 'C:/Program Files/Unity 2021.3.11f1/Editor/Data/Managed'
Mono path[1] = 'C:/Program Files/Unity 2021.3.11f1/Editor/Data/MonoBleedingEdge/lib/mono/unityjit-win32'
Mono config path = 'C:/Program Files/Unity 2021.3.11f1/Editor/Data/MonoBleedingEdge/etc'
Using monoOptions --debugger-agent=transport=dt_socket,embedding=1,server=y,suspend=n,address=127.0.0.1:56636
Begin MonoManager ReloadAssembly
Registering precompiled unity dll's ...
Register platform support module: C:/Program Files/Unity 2021.3.11f1/Editor/Data/PlaybackEngines/WindowsStandaloneSupport/UnityEditor.WindowsStandalone.Extensions.dll
Registered in 0.003712 seconds.
Native extension for WindowsStandalone target not found
Refreshing native plugins compatible for Editor in 93.55 ms, found 3 plugins.
Preloading 0 native plugins for Editor in 0.00 ms.
Mono: successfully reloaded assembly
- Completed reload, in  0.709 seconds
Domain Reload Profiling:
	ReloadAssembly (709ms)
		BeginReloadAssembly (81ms)
			ExecutionOrderSort (0ms)
			DisableScriptedObjects (0ms)
			BackupInstance (0ms)
			ReleaseScriptingObjects (0ms)
			CreateAndSetChildDomain (1ms)
		EndReloadAssembly (521ms)
			LoadAssemblies (79ms)
			RebuildTransferFunctionScriptingTraits (0ms)
			SetupTypeCache (109ms)
			ReleaseScriptCaches (0ms)
			RebuildScriptCaches (32ms)
			SetupLoadedEditorAssemblies (322ms)
				LogAssemblyErrors (0ms)
				InitializePlatformSupportModulesInManaged (8ms)
				SetLoadedEditorAssemblies (0ms)
				RefreshPlugins (94ms)
				BeforeProcessingInitializeOnLoad (1ms)
				ProcessInitializeOnLoadAttributes (173ms)
				ProcessInitializeOnLoadMethodAttributes (45ms)
				AfterProcessingInitializeOnLoad (0ms)
				EditorAssembliesLoaded (1ms)
			ExecutionOrderSort2 (0ms)
			AwakeInstancesAfterBackupRestoration (0ms)
Platform modules already initialized, skipping
Registering precompiled user dll's ...
Registered in 0.004554 seconds.
Begin MonoManager ReloadAssembly
Symbol file LoadedFromMemory doesn't match image C:\Users\school\Documents\unity\RESTART Project Folder\Library\PackageCache\com.unity.visualscripting@1.7.8\Editor\VisualScripting.Core\Dependencies\YamlDotNet\Unity.VisualScripting.YamlDotNet.dll
Symbol file LoadedFromMemory doesn't match image C:\Users\school\Documents\unity\RESTART Project Folder\Library\PackageCache\com.unity.visualscripting@1.7.8\Editor\VisualScripting.Core\Dependencies\DotNetZip\Unity.VisualScripting.IonicZip.dll
Native extension for WindowsStandalone target not found
Refreshing native plugins compatible for Editor in 0.74 ms, found 3 plugins.
Preloading 0 native plugins for Editor in 0.00 ms.
Mono: successfully reloaded assembly
- Completed reload, in  1.089 seconds
Domain Reload Profiling:
	ReloadAssembly (1090ms)
		BeginReloadAssembly (112ms)
			ExecutionOrderSort (0ms)
			DisableScriptedObjects (5ms)
			BackupInstance (0ms)
			ReleaseScriptingObjects (0ms)
			CreateAndSetChildDomain (22ms)
		EndReloadAssembly (856ms)
			LoadAssemblies (72ms)
			RebuildTransferFunctionScriptingTraits (0ms)
			SetupTypeCache (283ms)
			ReleaseScriptCaches (1ms)
			RebuildScriptCaches (57ms)
			SetupLoadedEditorAssemblies (405ms)
				LogAssemblyErrors (0ms)
				InitializePlatformSupportModulesInManaged (6ms)
				SetLoadedEditorAssemblies (1ms)
				RefreshPlugins (1ms)
				BeforeProcessingInitializeOnLoad (94ms)
				ProcessInitializeOnLoadAttributes (270ms)
				ProcessInitializeOnLoadMethodAttributes (29ms)
				AfterProcessingInitializeOnLoad (4ms)
				EditorAssembliesLoaded (0ms)
			ExecutionOrderSort2 (0ms)
			AwakeInstancesAfterBackupRestoration (5ms)
Platform modules already initialized, skipping
========================================================================
Worker process is ready to serve import requests
Launched and connected shader compiler UnityShaderCompiler.exe after 0.05 seconds
Refreshing native plugins compatible for Editor in 0.85 ms, found 3 plugins.
Preloading 0 native plugins for Editor in 0.00 ms.
Unloading 3435 Unused Serialized files (Serialized files now loaded: 0)
Unloading 28 unused Assets / (113.6 KB). Loaded Objects now: 3898.
Memory consumption went from 123.9 MB to 123.8 MB.
Total: 3.958800 ms (FindLiveObjects: 0.302200 ms CreateObjectMapping: 0.148300 ms MarkObjects: 3.363200 ms  DeleteObjects: 0.144000 ms)

AssetImportParameters requested are different than current active one (requested -> active):
  custom:video-decoder-ogg-theora: a1e56fd34408186e4bbccfd4996cb3dc -> 
  custom:container-muxer-webm: aa71ff27fc2769a1b78a27578f13a17b -> 
  custom:container-demuxer-webm: 4f35f7cbe854078d1ac9338744f61a02 -> 
  custom:video-encoder-webm-vp8: eb34c28f22e8b96e1ab97ce403110664 -> 
  custom:audio-encoder-webm-vorbis: bf7c407c2cedff20999df2af8eb42d56 -> 
  custom:framework-win-MediaFoundation: 216162199b28c13a410421893ffa2e32 -> 
  custom:container-demuxer-ogg: 62fdf1f143b41e24485cea50d1cbac27 -> 
  custom:video-decoder-webm-vp8: 9c59270c3fd7afecdb556c50c9e8de78 -> 
  custom:audio-decoder-ogg-vorbis: bf7c407c2cedff20999df2af8eb42d56 -> 
========================================================================
Received Prepare
Registering precompiled user dll's ...
Registered in 0.004547 seconds.
Begin MonoManager ReloadAssembly
Symbol file LoadedFromMemory doesn't match image C:\Users\school\Documents\unity\RESTART Project Folder\Library\PackageCache\com.unity.visualscripting@1.7.8\Editor\VisualScripting.Core\Dependencies\YamlDotNet\Unity.VisualScripting.YamlDotNet.dll
Symbol file LoadedFromMemory doesn't match image C:\Users\school\Documents\unity\RESTART Project Folder\Library\PackageCache\com.unity.visualscripting@1.7.8\Editor\VisualScripting.Core\Dependencies\DotNetZip\Unity.VisualScripting.IonicZip.dll
Native extension for WindowsStandalone target not found
Refreshing native plugins compatible for Editor in 1.40 ms, found 3 plugins.
Preloading 0 native plugins for Editor in 0.00 ms.
Mono: successfully reloaded assembly
- Completed reload, in  1.452 seconds
Domain Reload Profiling:
	ReloadAssembly (1454ms)
		BeginReloadAssembly (135ms)
			ExecutionOrderSort (0ms)
			DisableScriptedObjects (5ms)
			BackupInstance (0ms)
			ReleaseScriptingObjects (0ms)
			CreateAndSetChildDomain (36ms)
		EndReloadAssembly (1220ms)
			LoadAssemblies (85ms)
			RebuildTransferFunctionScriptingTraits (0ms)
			SetupTypeCache (386ms)
			ReleaseScriptCaches (3ms)
			RebuildScriptCaches (85ms)
			SetupLoadedEditorAssemblies (551ms)
				LogAssemblyErrors (0ms)
				InitializePlatformSupportModulesInManaged (19ms)
				SetLoadedEditorAssemblies (1ms)
				RefreshPlugins (2ms)
				BeforeProcessingInitializeOnLoad (98ms)
				ProcessInitializeOnLoadAttributes (372ms)
				ProcessInitializeOnLoadMethodAttributes (51ms)
				AfterProcessingInitializeOnLoad (7ms)
				EditorAssembliesLoaded (0ms)
			ExecutionOrderSort2 (0ms)
			AwakeInstancesAfterBackupRestoration (11ms)
Platform modules already initialized, skipping
Refreshing native plugins compatible for Editor in 2.65 ms, found 3 plugins.
Preloading 0 native plugins for Editor in 0.00 ms.
Unloading 3417 Unused Serialized files (Serialized files now loaded: 0)
Unloading 21 unused Assets / (80.1 KB). Loaded Objects now: 3901.
Memory consumption went from 122.5 MB to 122.4 MB.
Total: 4.225800 ms (FindLiveObjects: 0.546900 ms CreateObjectMapping: 0.436800 ms MarkObjects: 2.958900 ms  DeleteObjects: 0.280600 ms)

AssetImportParameters requested are different than current active one (requested -> active):
  custom:video-decoder-ogg-theora: a1e56fd34408186e4bbccfd4996cb3dc -> 
  custom:container-muxer-webm: aa71ff27fc2769a1b78a27578f13a17b -> 
  custom:container-demuxer-webm: 4f35f7cbe854078d1ac9338744f61a02 -> 
  custom:video-encoder-webm-vp8: eb34c28f22e8b96e1ab97ce403110664 -> 
  custom:audio-encoder-webm-vorbis: bf7c407c2cedff20999df2af8eb42d56 -> 
  custom:framework-win-MediaFoundation: 216162199b28c13a410421893ffa2e32 -> 
  custom:container-demuxer-ogg: 62fdf1f143b41e24485cea50d1cbac27 -> 
  custom:video-decoder-webm-vp8: 9c59270c3fd7afecdb556c50c9e8de78 -> 
  custom:audio-decoder-ogg-vorbis: bf7c407c2cedff20999df2af8eb42d56 -> 
========================================================================
Received Prepare
Registering precompiled user dll's ...
Registered in 0.004211 seconds.
Begin MonoManager ReloadAssembly
Symbol file LoadedFromMemory doesn't match image C:\Users\school\Documents\unity\RESTART Project Folder\Library\PackageCache\com.unity.visualscripting@1.7.8\Editor\VisualScripting.Core\Dependencies\YamlDotNet\Unity.VisualScripting.YamlDotNet.dll
Symbol file LoadedFromMemory doesn't match image C:\Users\school\Documents\unity\RESTART Project Folder\Library\PackageCache\com.unity.visualscripting@1.7.8\Editor\VisualScripting.Core\Dependencies\DotNetZip\Unity.VisualScripting.IonicZip.dll
Native extension for WindowsStandalone target not found
Refreshing native plugins compatible for Editor in 0.78 ms, found 3 plugins.
Preloading 0 native plugins for Editor in 0.00 ms.
Mono: successfully reloaded assembly
- Completed reload, in  1.148 seconds
Domain Reload Profiling:
	ReloadAssembly (1149ms)
		BeginReloadAssembly (138ms)
			ExecutionOrderSort (0ms)
			DisableScriptedObjects (5ms)
			BackupInstance (0ms)
			ReleaseScriptingObjects (0ms)
			CreateAndSetChildDomain (43ms)
		EndReloadAssembly (885ms)
			LoadAssemblies (112ms)
			RebuildTransferFunctionScriptingTraits (0ms)
			SetupTypeCache (339ms)
			ReleaseScriptCaches (1ms)
			RebuildScriptCaches (39ms)
			SetupLoadedEditorAssemblies (340ms)
				LogAssemblyErrors (0ms)
				InitializePlatformSupportModulesInManaged (13ms)
				SetLoadedEditorAssemblies (0ms)
				RefreshPlugins (1ms)
				BeforeProcessingInitializeOnLoad (66ms)
				ProcessInitializeOnLoadAttributes (225ms)
				ProcessInitializeOnLoadMethodAttributes (28ms)
				AfterProcessingInitializeOnLoad (6ms)
				EditorAssembliesLoaded (0ms)
			ExecutionOrderSort2 (0ms)
			AwakeInstancesAfterBackupRestoration (7ms)
Platform modules already initialized, skipping
Refreshing native plugins compatible for Editor in 1.64 ms, found 3 plugins.
Preloading 0 native plugins for Editor in 0.00 ms.
Unloading 3416 Unused Serialized files (Serialized files now loaded: 0)
Unloading 22 unused Assets / (80.0 KB). Loaded Objects now: 3903.
Memory consumption went from 122.5 MB to 122.4 MB.
Total: 4.110600 ms (FindLiveObjects: 0.289500 ms CreateObjectMapping: 0.139300 ms MarkObjects: 3.521100 ms  DeleteObjects: 0.158600 ms)

AssetImportParameters requested are different than current active one (requested -> active):
  custom:video-decoder-ogg-theora: a1e56fd34408186e4bbccfd4996cb3dc -> 
  custom:container-muxer-webm: aa71ff27fc2769a1b78a27578f13a17b -> 
  custom:container-demuxer-webm: 4f35f7cbe854078d1ac9338744f61a02 -> 
  custom:video-encoder-webm-vp8: eb34c28f22e8b96e1ab97ce403110664 -> 
  custom:audio-encoder-webm-vorbis: bf7c407c2cedff20999df2af8eb42d56 -> 
  custom:framework-win-MediaFoundation: 216162199b28c13a410421893ffa2e32 -> 
  custom:container-demuxer-ogg: 62fdf1f143b41e24485cea50d1cbac27 -> 
  custom:video-decoder-webm-vp8: 9c59270c3fd7afecdb556c50c9e8de78 -> 
  custom:audio-decoder-ogg-vorbis: bf7c407c2cedff20999df2af8eb42d56 -> 
========================================================================
Received Import Request.
  Time since last request: 66742.357609 seconds.
  path: Assets/Scripts/destroyShootPrefab.cs
  artifactKey: Guid(70072fe8e0f9e8e4594ddb64b42be319) Importer(815301076,1909f56bfc062723c751e8b465ee728b)
Start importing Assets/Scripts/destroyShootPrefab.cs using Guid(70072fe8e0f9e8e4594ddb64b42be319) Importer(815301076,1909f56bfc062723c751e8b465ee728b)  -> (artifact id: 'a834df570cf28763bd66636f55aa9c8b') in 0.032915 seconds 
========================================================================
Received Import Request.
  Time since last request: 242.327094 seconds.
  path: Assets/My Prefabs/cylinder prefabs/sphere.prefab
  artifactKey: Guid(6eca6b8aa1deff645b7c72e96f6ac229) Importer(815301076,1909f56bfc062723c751e8b465ee728b)
Start importing Assets/My Prefabs/cylinder prefabs/sphere.prefab using Guid(6eca6b8aa1deff645b7c72e96f6ac229) Importer(815301076,1909f56bfc062723c751e8b465ee728b)  -> (artifact id: '6d28527a8967c485521586a41da99462') in 0.151964 seconds 
========================================================================
Received Import Request.
  Time since last request: 0.000082 seconds.
  path: Assets/environment/spacekit_2 by Kenney/Models/DAE format/stairs_short.dae
  artifactKey: Guid(4a644bf5f628e264ea2c09d9518d775d) Importer(815301076,1909f56bfc062723c751e8b465ee728b)
Start importing Assets/environment/spacekit_2 by Kenney/Models/DAE format/stairs_short.dae using Guid(4a644bf5f628e264ea2c09d9518d775d) Importer(815301076,1909f56bfc062723c751e8b465ee728b)  -> (artifact id: 'df7d2e6fa5ef1b635f66e20ce46671b5') in 0.104068 seconds 
========================================================================
Received Import Request.
  Time since last request: 1.329123 seconds.
  path: Assets/environment/Server Room_iPoly3D UNITY STORE/Models/server_2.fbx
  artifactKey: Guid(a874ee794ecfbea47ba2369f459daefc) Importer(815301076,1909f56bfc062723c751e8b465ee728b)
Start importing Assets/environment/Server Room_iPoly3D UNITY STORE/Models/server_2.fbx using Guid(a874ee794ecfbea47ba2369f459daefc) Importer(815301076,1909f56bfc062723c751e8b465ee728b)  -> (artifact id: 'b1376b6649038afd62863e81400d9f88') in 0.053407 seconds 
========================================================================
Received Prepare
Registering precompiled user dll's ...
Registered in 0.004277 seconds.
Begin MonoManager ReloadAssembly
Symbol file LoadedFromMemory doesn't match image C:\Users\school\Documents\unity\RESTART Project Folder\Library\PackageCache\com.unity.visualscripting@1.7.8\Editor\VisualScripting.Core\Dependencies\YamlDotNet\Unity.VisualScripting.YamlDotNet.dll
Symbol file LoadedFromMemory doesn't match image C:\Users\school\Documents\unity\RESTART Project Folder\Library\PackageCache\com.unity.visualscripting@1.7.8\Editor\VisualScripting.Core\Dependencies\DotNetZip\Unity.VisualScripting.IonicZip.dll
Native extension for WindowsStandalone target not found
Refreshing native plugins compatible for Editor in 1.50 ms, found 3 plugins.
Preloading 0 native plugins for Editor in 0.00 ms.
Mono: successfully reloaded assembly
- Completed reload, in  1.186 seconds
Domain Reload Profiling:
	ReloadAssembly (1187ms)
		BeginReloadAssembly (124ms)
			ExecutionOrderSort (0ms)
			DisableScriptedObjects (4ms)
			BackupInstance (0ms)
			ReleaseScriptingObjects (0ms)
			CreateAndSetChildDomain (39ms)
		EndReloadAssembly (972ms)
			LoadAssemblies (70ms)
			RebuildTransferFunctionScriptingTraits (0ms)
			SetupTypeCache (330ms)
			ReleaseScriptCaches (2ms)
			RebuildScriptCaches (57ms)
			SetupLoadedEditorAssemblies (439ms)
				LogAssemblyErrors (0ms)
				InitializePlatformSupportModulesInManaged (16ms)
				SetLoadedEditorAssemblies (1ms)
				RefreshPlugins (2ms)
				BeforeProcessingInitializeOnLoad (81ms)
				ProcessInitializeOnLoadAttributes (291ms)
				ProcessInitializeOnLoadMethodAttributes (43ms)
				AfterProcessingInitializeOnLoad (5ms)
				EditorAssembliesLoaded (0ms)
			ExecutionOrderSort2 (0ms)
			AwakeInstancesAfterBackupRestoration (7ms)
Platform modules already initialized, skipping
Refreshing native plugins compatible for Editor in 2.02 ms, found 3 plugins.
Preloading 0 native plugins for Editor in 0.00 ms.
Unloading 3416 Unused Serialized files (Serialized files now loaded: 0)
Unloading 21 unused Assets / (80.0 KB). Loaded Objects now: 3951.
Memory consumption went from 127.3 MB to 127.2 MB.
Total: 3.977100 ms (FindLiveObjects: 0.295500 ms CreateObjectMapping: 0.143200 ms MarkObjects: 3.436300 ms  DeleteObjects: 0.100500 ms)

AssetImportParameters requested are different than current active one (requested -> active):
  custom:video-decoder-ogg-theora: a1e56fd34408186e4bbccfd4996cb3dc -> 
  custom:container-muxer-webm: aa71ff27fc2769a1b78a27578f13a17b -> 
  custom:container-demuxer-webm: 4f35f7cbe854078d1ac9338744f61a02 -> 
  custom:video-encoder-webm-vp8: eb34c28f22e8b96e1ab97ce403110664 -> 
  custom:audio-encoder-webm-vorbis: bf7c407c2cedff20999df2af8eb42d56 -> 
  custom:framework-win-MediaFoundation: 216162199b28c13a410421893ffa2e32 -> 
  custom:container-demuxer-ogg: 62fdf1f143b41e24485cea50d1cbac27 -> 
  custom:video-decoder-webm-vp8: 9c59270c3fd7afecdb556c50c9e8de78 -> 
  custom:audio-decoder-ogg-vorbis: bf7c407c2cedff20999df2af8eb42d56 -> 
========================================================================
Received Prepare
Registering precompiled user dll's ...
Registered in 0.005085 seconds.
Begin MonoManager ReloadAssembly
Symbol file LoadedFromMemory doesn't match image C:\Users\school\Documents\unity\RESTART Project Folder\Library\PackageCache\com.unity.visualscripting@1.7.8\Editor\VisualScripting.Core\Dependencies\YamlDotNet\Unity.VisualScripting.YamlDotNet.dll
Symbol file LoadedFromMemory doesn't match image C:\Users\school\Documents\unity\RESTART Project Folder\Library\PackageCache\com.unity.visualscripting@1.7.8\Editor\VisualScripting.Core\Dependencies\DotNetZip\Unity.VisualScripting.IonicZip.dll
Native extension for WindowsStandalone target not found
Refreshing native plugins compatible for Editor in 1.53 ms, found 3 plugins.
Preloading 0 native plugins for Editor in 0.00 ms.
Mono: successfully reloaded assembly
- Completed reload, in  1.567 seconds
Domain Reload Profiling:
	ReloadAssembly (1569ms)
		BeginReloadAssembly (124ms)
			ExecutionOrderSort (0ms)
			DisableScriptedObjects (5ms)
			BackupInstance (0ms)
			ReleaseScriptingObjects (0ms)
			CreateAndSetChildDomain (37ms)
		EndReloadAssembly (1339ms)
			LoadAssemblies (72ms)
			RebuildTransferFunctionScriptingTraits (0ms)
			SetupTypeCache (387ms)
			ReleaseScriptCaches (3ms)
			RebuildScriptCaches (73ms)
			SetupLoadedEditorAssemblies (670ms)
				LogAssemblyErrors (0ms)
				InitializePlatformSupportModulesInManaged (20ms)
				SetLoadedEditorAssemblies (1ms)
				RefreshPlugins (2ms)
				BeforeProcessingInitializeOnLoad (141ms)
				ProcessInitializeOnLoadAttributes (437ms)
				ProcessInitializeOnLoadMethodAttributes (59ms)
				AfterProcessingInitializeOnLoad (11ms)
				EditorAssembliesLoaded (0ms)
			ExecutionOrderSort2 (0ms)
			AwakeInstancesAfterBackupRestoration (12ms)
Platform modules already initialized, skipping
Refreshing native plugins compatible for Editor in 4.26 ms, found 3 plugins.
Preloading 0 native plugins for Editor in 0.00 ms.
Unloading 3416 Unused Serialized files (Serialized files now loaded: 0)
Unloading 21 unused Assets / (80.1 KB). Loaded Objects now: 3954.
Memory consumption went from 127.3 MB to 127.2 MB.
Total: 4.982200 ms (FindLiveObjects: 0.345400 ms CreateObjectMapping: 0.130000 ms MarkObjects: 4.316000 ms  DeleteObjects: 0.188400 ms)

AssetImportParameters requested are different than current active one (requested -> active):
  custom:video-decoder-ogg-theora: a1e56fd34408186e4bbccfd4996cb3dc -> 
  custom:container-muxer-webm: aa71ff27fc2769a1b78a27578f13a17b -> 
  custom:container-demuxer-webm: 4f35f7cbe854078d1ac9338744f61a02 -> 
  custom:video-encoder-webm-vp8: eb34c28f22e8b96e1ab97ce403110664 -> 
  custom:audio-encoder-webm-vorbis: bf7c407c2cedff20999df2af8eb42d56 -> 
  custom:framework-win-MediaFoundation: 216162199b28c13a410421893ffa2e32 -> 
  custom:container-demuxer-ogg: 62fdf1f143b41e24485cea50d1cbac27 -> 
  custom:video-decoder-webm-vp8: 9c59270c3fd7afecdb556c50c9e8de78 -> 
  custom:audio-decoder-ogg-vorbis: bf7c407c2cedff20999df2af8eb42d56 -> 
========================================================================
Received Prepare
Registering precompiled user dll's ...
Registered in 0.004379 seconds.
Begin MonoManager ReloadAssembly
Symbol file LoadedFromMemory doesn't match image C:\Users\school\Documents\unity\RESTART Project Folder\Library\PackageCache\com.unity.visualscripting@1.7.8\Editor\VisualScripting.Core\Dependencies\YamlDotNet\Unity.VisualScripting.YamlDotNet.dll
Symbol file LoadedFromMemory doesn't match image C:\Users\school\Documents\unity\RESTART Project Folder\Library\PackageCache\com.unity.visualscripting@1.7.8\Editor\VisualScripting.Core\Dependencies\DotNetZip\Unity.VisualScripting.IonicZip.dll
Native extension for WindowsStandalone target not found
Refreshing native plugins compatible for Editor in 1.44 ms, found 3 plugins.
Preloading 0 native plugins for Editor in 0.00 ms.
Mono: successfully reloaded assembly
- Completed reload, in  1.713 seconds
Domain Reload Profiling:
	ReloadAssembly (1714ms)
		BeginReloadAssembly (143ms)
			ExecutionOrderSort (0ms)
			DisableScriptedObjects (5ms)
			BackupInstance (0ms)
			ReleaseScriptingObjects (0ms)
			CreateAndSetChildDomain (40ms)
		EndReloadAssembly (1459ms)
			LoadAssemblies (94ms)
			RebuildTransferFunctionScriptingTraits (0ms)
			SetupTypeCache (451ms)
			ReleaseScriptCaches (3ms)
			RebuildScriptCaches (82ms)
			SetupLoadedEditorAssemblies (689ms)
				LogAssemblyErrors (0ms)
				InitializePlatformSupportModulesInManaged (30ms)
				SetLoadedEditorAssemblies (1ms)
				RefreshPlugins (2ms)
				BeforeProcessingInitializeOnLoad (133ms)
				ProcessInitializeOnLoadAttributes (457ms)
				ProcessInitializeOnLoadMethodAttributes (58ms)
				AfterProcessingInitializeOnLoad (8ms)
				EditorAssembliesLoaded (0ms)
			ExecutionOrderSort2 (0ms)
			AwakeInstancesAfterBackupRestoration (11ms)
Platform modules already initialized, skipping
Refreshing native plugins compatible for Editor in 5.96 ms, found 3 plugins.
Preloading 0 native plugins for Editor in 0.00 ms.
Unloading 3416 Unused Serialized files (Serialized files now loaded: 0)
Unloading 21 unused Assets / (80.0 KB). Loaded Objects now: 3957.
Memory consumption went from 127.3 MB to 127.2 MB.
Total: 6.401400 ms (FindLiveObjects: 0.491800 ms CreateObjectMapping: 0.222600 ms MarkObjects: 5.455700 ms  DeleteObjects: 0.228300 ms)

AssetImportParameters requested are different than current active one (requested -> active):
  custom:video-decoder-ogg-theora: a1e56fd34408186e4bbccfd4996cb3dc -> 
  custom:container-muxer-webm: aa71ff27fc2769a1b78a27578f13a17b -> 
  custom:container-demuxer-webm: 4f35f7cbe854078d1ac9338744f61a02 -> 
  custom:video-encoder-webm-vp8: eb34c28f22e8b96e1ab97ce403110664 -> 
  custom:audio-encoder-webm-vorbis: bf7c407c2cedff20999df2af8eb42d56 -> 
  custom:framework-win-MediaFoundation: 216162199b28c13a410421893ffa2e32 -> 
  custom:container-demuxer-ogg: 62fdf1f143b41e24485cea50d1cbac27 -> 
  custom:video-decoder-webm-vp8: 9c59270c3fd7afecdb556c50c9e8de78 -> 
  custom:audio-decoder-ogg-vorbis: bf7c407c2cedff20999df2af8eb42d56 -> 
========================================================================
Received Import Request.
  Time since last request: 566.545672 seconds.
  path: Assets/Scripts/followingBall.cs
  artifactKey: Guid(e49c48de8aa904b48bf08c1b35770811) Importer(815301076,1909f56bfc062723c751e8b465ee728b)
Start importing Assets/Scripts/followingBall.cs using Guid(e49c48de8aa904b48bf08c1b35770811) Importer(815301076,1909f56bfc062723c751e8b465ee728b)  -> (artifact id: '7856f90bab699a11aea1623723b13434') in 0.021341 seconds 
========================================================================
Received Prepare
Registering precompiled user dll's ...
Registered in 0.005707 seconds.
Begin MonoManager ReloadAssembly
Symbol file LoadedFromMemory doesn't match image C:\Users\school\Documents\unity\RESTART Project Folder\Library\PackageCache\com.unity.visualscripting@1.7.8\Editor\VisualScripting.Core\Dependencies\YamlDotNet\Unity.VisualScripting.YamlDotNet.dll
Symbol file LoadedFromMemory doesn't match image C:\Users\school\Documents\unity\RESTART Project Folder\Library\PackageCache\com.unity.visualscripting@1.7.8\Editor\VisualScripting.Core\Dependencies\DotNetZip\Unity.VisualScripting.IonicZip.dll
Native extension for WindowsStandalone target not found
Refreshing native plugins compatible for Editor in 0.63 ms, found 3 plugins.
Preloading 0 native plugins for Editor in 0.00 ms.
Mono: successfully reloaded assembly
- Completed reload, in  1.189 seconds
Domain Reload Profiling:
	ReloadAssembly (1190ms)
		BeginReloadAssembly (234ms)
			ExecutionOrderSort (0ms)
			DisableScriptedObjects (11ms)
			BackupInstance (0ms)
			ReleaseScriptingObjects (0ms)
			CreateAndSetChildDomain (75ms)
		EndReloadAssembly (826ms)
			LoadAssemblies (122ms)
			RebuildTransferFunctionScriptingTraits (0ms)
			SetupTypeCache (263ms)
			ReleaseScriptCaches (1ms)
			RebuildScriptCaches (40ms)
			SetupLoadedEditorAssemblies (394ms)
				LogAssemblyErrors (0ms)
				InitializePlatformSupportModulesInManaged (11ms)
				SetLoadedEditorAssemblies (1ms)
				RefreshPlugins (1ms)
				BeforeProcessingInitializeOnLoad (67ms)
				ProcessInitializeOnLoadAttributes (278ms)
				ProcessInitializeOnLoadMethodAttributes (32ms)
				AfterProcessingInitializeOnLoad (5ms)
				EditorAssembliesLoaded (0ms)
			ExecutionOrderSort2 (0ms)
			AwakeInstancesAfterBackupRestoration (7ms)
Platform modules already initialized, skipping
Refreshing native plugins compatible for Editor in 1.91 ms, found 3 plugins.
Preloading 0 native plugins for Editor in 0.00 ms.
Unloading 3416 Unused Serialized files (Serialized files now loaded: 0)
Unloading 21 unused Assets / (80.1 KB). Loaded Objects now: 3960.
Memory consumption went from 127.3 MB to 127.2 MB.
Total: 3.702400 ms (FindLiveObjects: 0.354800 ms CreateObjectMapping: 0.145400 ms MarkObjects: 3.008300 ms  DeleteObjects: 0.192300 ms)

AssetImportParameters requested are different than current active one (requested -> active):
  custom:video-decoder-ogg-theora: a1e56fd34408186e4bbccfd4996cb3dc -> 
  custom:container-muxer-webm: aa71ff27fc2769a1b78a27578f13a17b -> 
  custom:container-demuxer-webm: 4f35f7cbe854078d1ac9338744f61a02 -> 
  custom:video-encoder-webm-vp8: eb34c28f22e8b96e1ab97ce403110664 -> 
  custom:audio-encoder-webm-vorbis: bf7c407c2cedff20999df2af8eb42d56 -> 
  custom:framework-win-MediaFoundation: 216162199b28c13a410421893ffa2e32 -> 
  custom:container-demuxer-ogg: 62fdf1f143b41e24485cea50d1cbac27 -> 
  custom:video-decoder-webm-vp8: 9c59270c3fd7afecdb556c50c9e8de78 -> 
  custom:audio-decoder-ogg-vorbis: bf7c407c2cedff20999df2af8eb42d56 -> 
========================================================================
Received Prepare
Registering precompiled user dll's ...
Registered in 0.004230 seconds.
Begin MonoManager ReloadAssembly
Symbol file LoadedFromMemory doesn't match image C:\Users\school\Documents\unity\RESTART Project Folder\Library\PackageCache\com.unity.visualscripting@1.7.8\Editor\VisualScripting.Core\Dependencies\YamlDotNet\Unity.VisualScripting.YamlDotNet.dll
Symbol file LoadedFromMemory doesn't match image C:\Users\school\Documents\unity\RESTART Project Folder\Library\PackageCache\com.unity.visualscripting@1.7.8\Editor\VisualScripting.Core\Dependencies\DotNetZip\Unity.VisualScripting.IonicZip.dll
Native extension for WindowsStandalone target not found
Refreshing native plugins compatible for Editor in 0.84 ms, found 3 plugins.
Preloading 0 native plugins for Editor in 0.00 ms.
Mono: successfully reloaded assembly
- Completed reload, in  1.298 seconds
Domain Reload Profiling:
	ReloadAssembly (1300ms)
		BeginReloadAssembly (138ms)
			ExecutionOrderSort (0ms)
			DisableScriptedObjects (4ms)
			BackupInstance (0ms)
			ReleaseScriptingObjects (0ms)
			CreateAndSetChildDomain (43ms)
		EndReloadAssembly (1051ms)
			LoadAssemblies (78ms)
			RebuildTransferFunctionScriptingTraits (0ms)
			SetupTypeCache (360ms)
			ReleaseScriptCaches (2ms)
			RebuildScriptCaches (64ms)
			SetupLoadedEditorAssemblies (466ms)
				LogAssemblyErrors (0ms)
				InitializePlatformSupportModulesInManaged (17ms)
				SetLoadedEditorAssemblies (1ms)
				RefreshPlugins (1ms)
				BeforeProcessingInitializeOnLoad (81ms)
				ProcessInitializeOnLoadAttributes (312ms)
				ProcessInitializeOnLoadMethodAttributes (46ms)
				AfterProcessingInitializeOnLoad (7ms)
				EditorAssembliesLoaded (0ms)
			ExecutionOrderSort2 (0ms)
			AwakeInstancesAfterBackupRestoration (10ms)
Platform modules already initialized, skipping
Refreshing native plugins compatible for Editor in 3.53 ms, found 3 plugins.
Preloading 0 native plugins for Editor in 0.00 ms.
Unloading 3416 Unused Serialized files (Serialized files now loaded: 0)
Unloading 21 unused Assets / (80.1 KB). Loaded Objects now: 3963.
Memory consumption went from 127.3 MB to 127.2 MB.
Total: 3.035700 ms (FindLiveObjects: 0.255500 ms CreateObjectMapping: 0.111300 ms MarkObjects: 2.501900 ms  DeleteObjects: 0.165300 ms)

AssetImportParameters requested are different than current active one (requested -> active):
  custom:video-decoder-ogg-theora: a1e56fd34408186e4bbccfd4996cb3dc -> 
  custom:container-muxer-webm: aa71ff27fc2769a1b78a27578f13a17b -> 
  custom:container-demuxer-webm: 4f35f7cbe854078d1ac9338744f61a02 -> 
  custom:video-encoder-webm-vp8: eb34c28f22e8b96e1ab97ce403110664 -> 
  custom:audio-encoder-webm-vorbis: bf7c407c2cedff20999df2af8eb42d56 -> 
  custom:framework-win-MediaFoundation: 216162199b28c13a410421893ffa2e32 -> 
  custom:container-demuxer-ogg: 62fdf1f143b41e24485cea50d1cbac27 -> 
  custom:video-decoder-webm-vp8: 9c59270c3fd7afecdb556c50c9e8de78 -> 
  custom:audio-decoder-ogg-vorbis: bf7c407c2cedff20999df2af8eb42d56 -> 
========================================================================
Received Import Request.
  Time since last request: 107.459436 seconds.
  path: Assets/My Scripts
  artifactKey: Guid(7a55f393896f48f44a2a54c907f93155) Importer(815301076,1909f56bfc062723c751e8b465ee728b)
Start importing Assets/My Scripts using Guid(7a55f393896f48f44a2a54c907f93155) Importer(815301076,1909f56bfc062723c751e8b465ee728b)  -> (artifact id: '650b842a2b14cd118b5695731a45474a') in 0.015717 seconds 
========================================================================
Received Prepare
Registering precompiled user dll's ...
Registered in 0.004224 seconds.
Begin MonoManager ReloadAssembly
Symbol file LoadedFromMemory doesn't match image C:\Users\school\Documents\unity\RESTART Project Folder\Library\PackageCache\com.unity.visualscripting@1.7.8\Editor\VisualScripting.Core\Dependencies\YamlDotNet\Unity.VisualScripting.YamlDotNet.dll
Symbol file LoadedFromMemory doesn't match image C:\Users\school\Documents\unity\RESTART Project Folder\Library\PackageCache\com.unity.visualscripting@1.7.8\Editor\VisualScripting.Core\Dependencies\DotNetZip\Unity.VisualScripting.IonicZip.dll
Native extension for WindowsStandalone target not found
Refreshing native plugins compatible for Editor in 1.31 ms, found 3 plugins.
Preloading 0 native plugins for Editor in 0.00 ms.
Mono: successfully reloaded assembly
- Completed reload, in  1.129 seconds
Domain Reload Profiling:
	ReloadAssembly (1129ms)
		BeginReloadAssembly (142ms)
			ExecutionOrderSort (0ms)
			DisableScriptedObjects (5ms)
			BackupInstance (0ms)
			ReleaseScriptingObjects (0ms)
			CreateAndSetChildDomain (49ms)
		EndReloadAssembly (889ms)
			LoadAssemblies (79ms)
			RebuildTransferFunctionScriptingTraits (0ms)
			SetupTypeCache (369ms)
			ReleaseScriptCaches (2ms)
			RebuildScriptCaches (44ms)
			SetupLoadedEditorAssemblies (357ms)
				LogAssemblyErrors (0ms)
				InitializePlatformSupportModulesInManaged (10ms)
				SetLoadedEditorAssemblies (1ms)
				RefreshPlugins (1ms)
				BeforeProcessingInitializeOnLoad (73ms)
				ProcessInitializeOnLoadAttributes (240ms)
				ProcessInitializeOnLoadMethodAttributes (27ms)
				AfterProcessingInitializeOnLoad (4ms)
				EditorAssembliesLoaded (0ms)
			ExecutionOrderSort2 (0ms)
			AwakeInstancesAfterBackupRestoration (6ms)
Platform modules already initialized, skipping
Refreshing native plugins compatible for Editor in 2.73 ms, found 3 plugins.
Preloading 0 native plugins for Editor in 0.00 ms.
Unloading 3416 Unused Serialized files (Serialized files now loaded: 0)
Unloading 21 unused Assets / (80.0 KB). Loaded Objects now: 3966.
Memory consumption went from 127.3 MB to 127.2 MB.
Total: 5.055300 ms (FindLiveObjects: 0.463200 ms CreateObjectMapping: 0.419200 ms MarkObjects: 3.896000 ms  DeleteObjects: 0.274200 ms)

AssetImportParameters requested are different than current active one (requested -> active):
  custom:video-decoder-ogg-theora: a1e56fd34408186e4bbccfd4996cb3dc -> 
  custom:container-muxer-webm: aa71ff27fc2769a1b78a27578f13a17b -> 
  custom:container-demuxer-webm: 4f35f7cbe854078d1ac9338744f61a02 -> 
  custom:video-encoder-webm-vp8: eb34c28f22e8b96e1ab97ce403110664 -> 
  custom:audio-encoder-webm-vorbis: bf7c407c2cedff20999df2af8eb42d56 -> 
  custom:framework-win-MediaFoundation: 216162199b28c13a410421893ffa2e32 -> 
  custom:container-demuxer-ogg: 62fdf1f143b41e24485cea50d1cbac27 -> 
  custom:video-decoder-webm-vp8: 9c59270c3fd7afecdb556c50c9e8de78 -> 
  custom:audio-decoder-ogg-vorbis: bf7c407c2cedff20999df2af8eb42d56 -> 
========================================================================
Received Import Request.
  Time since last request: 21.115102 seconds.
  path: Assets/Models I Made myself - credit saraid
  artifactKey: Guid(5e162c4cecfab8946bb170bd4d67e7ed) Importer(815301076,1909f56bfc062723c751e8b465ee728b)
Start importing Assets/Models I Made myself - credit saraid using Guid(5e162c4cecfab8946bb170bd4d67e7ed) Importer(815301076,1909f56bfc062723c751e8b465ee728b)  -> (artifact id: '407c82383583194f505fa51dd8307fdd') in 0.015455 seconds 
========================================================================
Received Import Request.
  Time since last request: 9.465065 seconds.
  path: Assets/Music
  artifactKey: Guid(34448259b784b934fa7d17f79dd04d05) Importer(815301076,1909f56bfc062723c751e8b465ee728b)
Start importing Assets/Music using Guid(34448259b784b934fa7d17f79dd04d05) Importer(815301076,1909f56bfc062723c751e8b465ee728b)  -> (artifact id: '512334d0433a314dc9772907c78ff1cb') in 0.010369 seconds 
========================================================================
Received Import Request.
  Time since last request: 18.213545 seconds.
  path: Assets/Music/adobeexpress.png
  artifactKey: Guid(e2c48248176026e42a05298e1b408871) Importer(815301076,1909f56bfc062723c751e8b465ee728b)
Start importing Assets/Music/adobeexpress.png using Guid(e2c48248176026e42a05298e1b408871) Importer(815301076,1909f56bfc062723c751e8b465ee728b)  -> (artifact id: '50bc1f283d36c79eabf7e2ba8313eaf6') in 0.077715 seconds 
========================================================================
Received Import Request.
  Time since last request: 0.000029 seconds.
  path: Assets/Music/Sparkwood+&+21.mp3
  artifactKey: Guid(b04775c3be16b4c409b0b153bd42c164) Importer(815301076,1909f56bfc062723c751e8b465ee728b)
Start importing Assets/Music/Sparkwood+&+21.mp3 using Guid(b04775c3be16b4c409b0b153bd42c164) Importer(815301076,1909f56bfc062723c751e8b465ee728b)  -> (artifact id: '848a28b66e8cf97c66a2cf4f9c5a0cbb') in 0.072226 seconds 
========================================================================
Received Import Request.
  Time since last request: 1.621120 seconds.
  path: Assets/Music/Inner Nuances Fosters Journey license and source.txt
  artifactKey: Guid(b0eeb2a4022aece40af9972f04b9d29f) Importer(815301076,1909f56bfc062723c751e8b465ee728b)
Start importing Assets/Music/Inner Nuances Fosters Journey license and source.txt using Guid(b0eeb2a4022aece40af9972f04b9d29f) Importer(815301076,1909f56bfc062723c751e8b465ee728b)  -> (artifact id: 'da836d984a36e4570438ac89923ab444') in 0.012253 seconds 
========================================================================
Received Import Request.
  Time since last request: 3.905988 seconds.
  path: Assets/Music/sparkwood & 21 source.txt
  artifactKey: Guid(01c1cea89a9956246ad0decbe4a684ec) Importer(815301076,1909f56bfc062723c751e8b465ee728b)
Start importing Assets/Music/sparkwood & 21 source.txt using Guid(01c1cea89a9956246ad0decbe4a684ec) Importer(815301076,1909f56bfc062723c751e8b465ee728b)  -> (artifact id: 'e179e8589abc535439c0123497f20790') in 0.008716 seconds 
========================================================================
Received Import Request.
  Time since last request: 10.401371 seconds.
  path: Assets/Scenes
  artifactKey: Guid(6ea315d0fd7389c41b19996891e99ae3) Importer(815301076,1909f56bfc062723c751e8b465ee728b)
Start importing Assets/Scenes using Guid(6ea315d0fd7389c41b19996891e99ae3) Importer(815301076,1909f56bfc062723c751e8b465ee728b)  -> (artifact id: 'bc172811d573b296104adb4d2728db37') in 0.008520 seconds 
========================================================================
Received Import Request.
  Time since last request: 2.108588 seconds.
  path: Assets/Scenes/testing_scene.unity
  artifactKey: Guid(61d42ff1ef7c05b4ba3bee3c445fead8) Importer(815301076,1909f56bfc062723c751e8b465ee728b)
Start importing Assets/Scenes/testing_scene.unity using Guid(61d42ff1ef7c05b4ba3bee3c445fead8) Importer(815301076,1909f56bfc062723c751e8b465ee728b)  -> (artifact id: 'ede424e18a5a479f6e4be696492d618f') in 0.009424 seconds 
========================================================================
Received Import Request.
  Time since last request: 7.307593 seconds.
  path: Assets/Scenes/Blank_Scene.unity
  artifactKey: Guid(9ec03a269c88cfe46a492b5fe9d68259) Importer(815301076,1909f56bfc062723c751e8b465ee728b)
Start importing Assets/Scenes/Blank_Scene.unity using Guid(9ec03a269c88cfe46a492b5fe9d68259) Importer(815301076,1909f56bfc062723c751e8b465ee728b)  -> (artifact id: '5760b90dc41cd68e4adfdb9a008c799e') in 0.010782 seconds 
========================================================================
Received Import Request.
  Time since last request: 12.847018 seconds.
  path: Assets/TextMesh Pro
  artifactKey: Guid(f54d1bd14bd3ca042bd867b519fee8cc) Importer(815301076,1909f56bfc062723c751e8b465ee728b)
Start importing Assets/TextMesh Pro using Guid(f54d1bd14bd3ca042bd867b519fee8cc) Importer(815301076,1909f56bfc062723c751e8b465ee728b)  -> (artifact id: '6d457b26d2bc8024e58729449d46e968') in 0.009366 seconds 
========================================================================
Received Prepare
Registering precompiled user dll's ...
Registered in 0.005337 seconds.
Begin MonoManager ReloadAssembly
Symbol file LoadedFromMemory doesn't match image C:\Users\school\Documents\unity\RESTART Project Folder\Library\PackageCache\com.unity.visualscripting@1.7.8\Editor\VisualScripting.Core\Dependencies\YamlDotNet\Unity.VisualScripting.YamlDotNet.dll
Symbol file LoadedFromMemory doesn't match image C:\Users\school\Documents\unity\RESTART Project Folder\Library\PackageCache\com.unity.visualscripting@1.7.8\Editor\VisualScripting.Core\Dependencies\DotNetZip\Unity.VisualScripting.IonicZip.dll
Native extension for WindowsStandalone target not found
Refreshing native plugins compatible for Editor in 0.66 ms, found 3 plugins.
Preloading 0 native plugins for Editor in 0.00 ms.
Mono: successfully reloaded assembly
- Completed reload, in  1.093 seconds
Domain Reload Profiling:
	ReloadAssembly (1094ms)
		BeginReloadAssembly (139ms)
			ExecutionOrderSort (0ms)
			DisableScriptedObjects (6ms)
			BackupInstance (0ms)
			ReleaseScriptingObjects (0ms)
			CreateAndSetChildDomain (46ms)
		EndReloadAssembly (850ms)
			LoadAssemblies (81ms)
			RebuildTransferFunctionScriptingTraits (0ms)
			SetupTypeCache (358ms)
			ReleaseScriptCaches (2ms)
			RebuildScriptCaches (39ms)
			SetupLoadedEditorAssemblies (328ms)
				LogAssemblyErrors (0ms)
				InitializePlatformSupportModulesInManaged (10ms)
				SetLoadedEditorAssemblies (0ms)
				RefreshPlugins (1ms)
				BeforeProcessingInitializeOnLoad (62ms)
				ProcessInitializeOnLoadAttributes (222ms)
				ProcessInitializeOnLoadMethodAttributes (29ms)
				AfterProcessingInitializeOnLoad (4ms)
				EditorAssembliesLoaded (0ms)
			ExecutionOrderSort2 (0ms)
			AwakeInstancesAfterBackupRestoration (6ms)
Platform modules already initialized, skipping
Refreshing native plugins compatible for Editor in 3.41 ms, found 3 plugins.
Preloading 0 native plugins for Editor in 0.00 ms.
Unloading 3382 Unused Serialized files (Serialized files now loaded: 0)
Unloading 55 unused Assets / (79.7 KB). Loaded Objects now: 3939.
Memory consumption went from 126.6 MB to 126.6 MB.
Total: 5.611400 ms (FindLiveObjects: 0.384200 ms CreateObjectMapping: 0.204100 ms MarkObjects: 4.609400 ms  DeleteObjects: 0.391500 ms)

AssetImportParameters requested are different than current active one (requested -> active):
  custom:video-decoder-ogg-theora: a1e56fd34408186e4bbccfd4996cb3dc -> 
  custom:container-muxer-webm: aa71ff27fc2769a1b78a27578f13a17b -> 
  custom:container-demuxer-webm: 4f35f7cbe854078d1ac9338744f61a02 -> 
  custom:video-encoder-webm-vp8: eb34c28f22e8b96e1ab97ce403110664 -> 
  custom:audio-encoder-webm-vorbis: bf7c407c2cedff20999df2af8eb42d56 -> 
  custom:framework-win-MediaFoundation: 216162199b28c13a410421893ffa2e32 -> 
  custom:container-demuxer-ogg: 62fdf1f143b41e24485cea50d1cbac27 -> 
  custom:video-decoder-webm-vp8: 9c59270c3fd7afecdb556c50c9e8de78 -> 
  custom:audio-decoder-ogg-vorbis: bf7c407c2cedff20999df2af8eb42d56 -> 
========================================================================
Received Prepare
Registering precompiled user dll's ...
Registered in 0.006964 seconds.
Begin MonoManager ReloadAssembly
Symbol file LoadedFromMemory doesn't match image C:\Users\school\Documents\unity\RESTART Project Folder\Library\PackageCache\com.unity.visualscripting@1.7.8\Editor\VisualScripting.Core\Dependencies\YamlDotNet\Unity.VisualScripting.YamlDotNet.dll
Symbol file LoadedFromMemory doesn't match image C:\Users\school\Documents\unity\RESTART Project Folder\Library\PackageCache\com.unity.visualscripting@1.7.8\Editor\VisualScripting.Core\Dependencies\DotNetZip\Unity.VisualScripting.IonicZip.dll
Native extension for WindowsStandalone target not found
Refreshing native plugins compatible for Editor in 1.09 ms, found 3 plugins.
Preloading 0 native plugins for Editor in 0.00 ms.
Mono: successfully reloaded assembly
- Completed reload, in  1.385 seconds
Domain Reload Profiling:
	ReloadAssembly (1386ms)
		BeginReloadAssembly (168ms)
			ExecutionOrderSort (0ms)
			DisableScriptedObjects (5ms)
			BackupInstance (0ms)
			ReleaseScriptingObjects (0ms)
			CreateAndSetChildDomain (52ms)
		EndReloadAssembly (1118ms)
			LoadAssemblies (89ms)
			RebuildTransferFunctionScriptingTraits (0ms)
			SetupTypeCache (400ms)
			ReleaseScriptCaches (3ms)
			RebuildScriptCaches (75ms)
			SetupLoadedEditorAssemblies (482ms)
				LogAssemblyErrors (0ms)
				InitializePlatformSupportModulesInManaged (18ms)
				SetLoadedEditorAssemblies (1ms)
				RefreshPlugins (1ms)
				BeforeProcessingInitializeOnLoad (87ms)
				ProcessInitializeOnLoadAttributes (324ms)
				ProcessInitializeOnLoadMethodAttributes (44ms)
				AfterProcessingInitializeOnLoad (5ms)
				EditorAssembliesLoaded (1ms)
			ExecutionOrderSort2 (0ms)
			AwakeInstancesAfterBackupRestoration (10ms)
Platform modules already initialized, skipping
Refreshing native plugins compatible for Editor in 1.75 ms, found 3 plugins.
Preloading 0 native plugins for Editor in 0.00 ms.
Unloading 3382 Unused Serialized files (Serialized files now loaded: 0)
Unloading 21 unused Assets / (80.1 KB). Loaded Objects now: 3942.
Memory consumption went from 126.5 MB to 126.4 MB.
Total: 4.091800 ms (FindLiveObjects: 0.547800 ms CreateObjectMapping: 0.371400 ms MarkObjects: 3.059100 ms  DeleteObjects: 0.112000 ms)

AssetImportParameters requested are different than current active one (requested -> active):
  custom:video-decoder-ogg-theora: a1e56fd34408186e4bbccfd4996cb3dc -> 
  custom:container-muxer-webm: aa71ff27fc2769a1b78a27578f13a17b -> 
  custom:container-demuxer-webm: 4f35f7cbe854078d1ac9338744f61a02 -> 
  custom:video-encoder-webm-vp8: eb34c28f22e8b96e1ab97ce403110664 -> 
  custom:audio-encoder-webm-vorbis: bf7c407c2cedff20999df2af8eb42d56 -> 
  custom:framework-win-MediaFoundation: 216162199b28c13a410421893ffa2e32 -> 
  custom:container-demuxer-ogg: 62fdf1f143b41e24485cea50d1cbac27 -> 
  custom:video-decoder-webm-vp8: 9c59270c3fd7afecdb556c50c9e8de78 -> 
  custom:audio-decoder-ogg-vorbis: bf7c407c2cedff20999df2af8eb42d56 -> 
========================================================================
Received Import Request.
  Time since last request: 412.527558 seconds.
  path: Assets/environment/spacekit_2 by Kenney/Models/DAE format/corridor_wallCorner.dae
  artifactKey: Guid(1c05c3c8b5fc7b14d83a7790bd63f5fd) Importer(815301076,1909f56bfc062723c751e8b465ee728b)
Start importing Assets/environment/spacekit_2 by Kenney/Models/DAE format/corridor_wallCorner.dae using Guid(1c05c3c8b5fc7b14d83a7790bd63f5fd) Importer(815301076,1909f56bfc062723c751e8b465ee728b)  -> (artifact id: '8c1f3989bedfe155c41b0d779f40de97') in 0.179752 seconds 
========================================================================
Received Import Request.
  Time since last request: 4.957860 seconds.
  path: Assets/characters&things/flying saucers Free3d.com/FlyingSaucer_v2_L1.123c12057877-05b6-4cfc-96efFlyingSaucer_Free3D.com/13884_Diffuse.jpg
  artifactKey: Guid(24dca64ac7cc89b4591ce7424599119b) Importer(815301076,1909f56bfc062723c751e8b465ee728b)
Start importing Assets/characters&things/flying saucers Free3d.com/FlyingSaucer_v2_L1.123c12057877-05b6-4cfc-96efFlyingSaucer_Free3D.com/13884_Diffuse.jpg using Guid(24dca64ac7cc89b4591ce7424599119b) Importer(815301076,1909f56bfc062723c751e8b465ee728b)  -> (artifact id: '583b396fa23a36f6a485fc426590533a') in 0.038646 seconds 
========================================================================
Received Import Request.
  Time since last request: 5.226159 seconds.
  path: Assets/environment/spacekit_2 by Kenney/Models/DAE format/monorail_trainCargo.dae
  artifactKey: Guid(d6d5bcec325f00743acfc8f86446b481) Importer(815301076,1909f56bfc062723c751e8b465ee728b)
Start importing Assets/environment/spacekit_2 by Kenney/Models/DAE format/monorail_trainCargo.dae using Guid(d6d5bcec325f00743acfc8f86446b481) Importer(815301076,1909f56bfc062723c751e8b465ee728b)  -> (artifact id: '3e628beeb993e997f133b2d12fed9e52') in 0.158849 seconds 
========================================================================
Received Import Request.
  Time since last request: 0.000036 seconds.
  path: Assets/environment/spacekit_2 by Kenney/Models/DAE format/corridor_cross.dae
  artifactKey: Guid(3950ecdb3eae5e647ab5805a234476a9) Importer(815301076,1909f56bfc062723c751e8b465ee728b)
Start importing Assets/environment/spacekit_2 by Kenney/Models/DAE format/corridor_cross.dae using Guid(3950ecdb3eae5e647ab5805a234476a9) Importer(815301076,1909f56bfc062723c751e8b465ee728b)  -> (artifact id: '9e0847d21ab9c40b73599d81140deb4d') in 0.058399 seconds 
========================================================================
Received Import Request.
  Time since last request: 0.626973 seconds.
  path: Assets/environment/spacekit_2 by Kenney/Models/DAE format/pipe_supportLow.dae
  artifactKey: Guid(761d13a831f1baa468cd3937ee52eed9) Importer(815301076,1909f56bfc062723c751e8b465ee728b)
Start importing Assets/environment/spacekit_2 by Kenney/Models/DAE format/pipe_supportLow.dae using Guid(761d13a831f1baa468cd3937ee52eed9) Importer(815301076,1909f56bfc062723c751e8b465ee728b)  -> (artifact id: 'd5ee429be898b327837c25fd95255de7') in 0.116579 seconds 
========================================================================
Received Import Request.
  Time since last request: 0.000028 seconds.
  path: Assets/environment/Indie_G_Low-Poly-Props-Pack_UNITY_STORE_ASSET/jerry can/Materials/_jerry_mat a.mat
  artifactKey: Guid(aa21df8f427fc00459a4984f7970cc89) Importer(815301076,1909f56bfc062723c751e8b465ee728b)
Start importing Assets/environment/Indie_G_Low-Poly-Props-Pack_UNITY_STORE_ASSET/jerry can/Materials/_jerry_mat a.mat using Guid(aa21df8f427fc00459a4984f7970cc89) Importer(815301076,1909f56bfc062723c751e8b465ee728b)  -> (artifact id: '0a192b57227e6b5d76ec16e172f2b536') in 0.066469 seconds 
========================================================================
Received Import Request.
  Time since last request: 0.000023 seconds.
  path: Assets/environment/Indie_G_Low-Poly-Props-Pack_UNITY_STORE_ASSET/locker/material A/_locker_mat.mat
  artifactKey: Guid(666cc7b99ec72194ba75e2ee01b3ad32) Importer(815301076,1909f56bfc062723c751e8b465ee728b)
Start importing Assets/environment/Indie_G_Low-Poly-Props-Pack_UNITY_STORE_ASSET/locker/material A/_locker_mat.mat using Guid(666cc7b99ec72194ba75e2ee01b3ad32) Importer(815301076,1909f56bfc062723c751e8b465ee728b)  -> (artifact id: '037e0f7c2004ba3a4c67bda856acc478') in 0.034158 seconds 
========================================================================
Received Import Request.
  Time since last request: 0.000051 seconds.
  path: Assets/environment/Indie_G_Low-Poly-Props-Pack_UNITY_STORE_ASSET/cont_1/material/_mat_c_1.mat
  artifactKey: Guid(e5ca1562628ff2a428c5abeae984cce2) Importer(815301076,1909f56bfc062723c751e8b465ee728b)
Start importing Assets/environment/Indie_G_Low-Poly-Props-Pack_UNITY_STORE_ASSET/cont_1/material/_mat_c_1.mat using Guid(e5ca1562628ff2a428c5abeae984cce2) Importer(815301076,1909f56bfc062723c751e8b465ee728b)  -> (artifact id: '01ba7a1910380bfbb1225f480b8d0f1c') in 0.114146 seconds 
========================================================================
Received Import Request.
  Time since last request: 0.000100 seconds.
  path: Assets/environment/Indie_G_Low-Poly-Props-Pack_UNITY_STORE_ASSET/wooden barrel/Materials/_wood_barrel_mat.mat
  artifactKey: Guid(ca279eaf54e65be48b2fb00364e2379c) Importer(815301076,1909f56bfc062723c751e8b465ee728b)
Start importing Assets/environment/Indie_G_Low-Poly-Props-Pack_UNITY_STORE_ASSET/wooden barrel/Materials/_wood_barrel_mat.mat using Guid(ca279eaf54e65be48b2fb00364e2379c) Importer(815301076,1909f56bfc062723c751e8b465ee728b)  -> (artifact id: '542f417b1f16edbbeb8c4d0816409a03') in 0.059912 seconds 
========================================================================
Received Import Request.
  Time since last request: 2.378959 seconds.
  path: Assets/environment/Indie_G_Low-Poly-Props-Pack_UNITY_STORE_ASSET/bag/Materials/bag_mat 1.mat
  artifactKey: Guid(8087111cb97eeb9409d8810b47ccd98e) Importer(815301076,1909f56bfc062723c751e8b465ee728b)
Start importing Assets/environment/Indie_G_Low-Poly-Props-Pack_UNITY_STORE_ASSET/bag/Materials/bag_mat 1.mat using Guid(8087111cb97eeb9409d8810b47ccd98e) Importer(815301076,1909f56bfc062723c751e8b465ee728b)  -> (artifact id: '8366c8b5406436e88af9f0d77c8a7a1a') in 0.021358 seconds 
========================================================================
Received Import Request.
  Time since last request: 0.034908 seconds.
  path: Assets/environment/Indie_G_Low-Poly-Props-Pack_UNITY_STORE_ASSET/barrels/materials/mat 1/barrel_mat_1.mat
  artifactKey: Guid(54723caf6e8da404b8087f4a8c4e88c1) Importer(815301076,1909f56bfc062723c751e8b465ee728b)
Start importing Assets/environment/Indie_G_Low-Poly-Props-Pack_UNITY_STORE_ASSET/barrels/materials/mat 1/barrel_mat_1.mat using Guid(54723caf6e8da404b8087f4a8c4e88c1) Importer(815301076,1909f56bfc062723c751e8b465ee728b)  -> (artifact id: 'c98ab7afc034319cbcf7452ecfc36b7c') in 0.056297 seconds 
========================================================================
Received Import Request.
  Time since last request: 0.000034 seconds.
  path: Assets/environment/Server Room_iPoly3D UNITY STORE/Models/server.fbx
  artifactKey: Guid(22979a140857f8f49ad4426515414f92) Importer(815301076,1909f56bfc062723c751e8b465ee728b)
Start importing Assets/environment/Server Room_iPoly3D UNITY STORE/Models/server.fbx using Guid(22979a140857f8f49ad4426515414f92) Importer(815301076,1909f56bfc062723c751e8b465ee728b)  -> (artifact id: '90d24fa30a958ce4d3ccf0d854c03207') in 0.086938 seconds 
========================================================================
Received Import Request.
  Time since last request: 0.000062 seconds.
  path: Assets/environment/spacekit_2 by Kenney/Models/DAE format/bones.dae
  artifactKey: Guid(014e97da8b873d249835fddd1e9f38aa) Importer(815301076,1909f56bfc062723c751e8b465ee728b)
Start importing Assets/environment/spacekit_2 by Kenney/Models/DAE format/bones.dae using Guid(014e97da8b873d249835fddd1e9f38aa) Importer(815301076,1909f56bfc062723c751e8b465ee728b)  -> (artifact id: '5d898f55924ea9acae39974fbc57a751') in 0.043658 seconds 
========================================================================
Received Import Request.
  Time since last request: 0.000041 seconds.
  path: Assets/environment/Indie_G_Low-Poly-Props-Pack_UNITY_STORE_ASSET/barrels/materials/mat 3/barrel_mat_3.mat
  artifactKey: Guid(fbb0aec513ae2b645b3dadfe5ed77eed) Importer(815301076,1909f56bfc062723c751e8b465ee728b)
Start importing Assets/environment/Indie_G_Low-Poly-Props-Pack_UNITY_STORE_ASSET/barrels/materials/mat 3/barrel_mat_3.mat using Guid(fbb0aec513ae2b645b3dadfe5ed77eed) Importer(815301076,1909f56bfc062723c751e8b465ee728b)  -> (artifact id: '373a86b101940ee27655a571ad18f62e') in 0.047460 seconds 
========================================================================
Received Import Request.
  Time since last request: 0.000092 seconds.
  path: Assets/environment/spacekit_2 by Kenney/Models/DAE format/craft_cargoB.dae
  artifactKey: Guid(8d1e50e65a2d3974aa4e2cec040a44c3) Importer(815301076,1909f56bfc062723c751e8b465ee728b)
Start importing Assets/environment/spacekit_2 by Kenney/Models/DAE format/craft_cargoB.dae using Guid(8d1e50e65a2d3974aa4e2cec040a44c3) Importer(815301076,1909f56bfc062723c751e8b465ee728b)  -> (artifact id: 'eb2b831ae1ab694556d942c59aca47ab') in 0.073199 seconds 
========================================================================
Received Import Request.
  Time since last request: 7.686471 seconds.
  path: Assets/environment/spacekit_2 by Kenney/Models/DAE format/hangar_smallB.dae
  artifactKey: Guid(132219c447a7e6d4290d9a6949ff1a5f) Importer(815301076,1909f56bfc062723c751e8b465ee728b)
Start importing Assets/environment/spacekit_2 by Kenney/Models/DAE format/hangar_smallB.dae using Guid(132219c447a7e6d4290d9a6949ff1a5f) Importer(815301076,1909f56bfc062723c751e8b465ee728b)  -> (artifact id: '23c0c2af7be583955b26d74203354f66') in 0.132815 seconds 
========================================================================
Received Import Request.
  Time since last request: 0.485459 seconds.
  path: Assets/environment/spacekit_2 by Kenney/Models/DAE format/pipe_rampSmall.dae
  artifactKey: Guid(76ffa637053fc234790299b190afae93) Importer(815301076,1909f56bfc062723c751e8b465ee728b)
Start importing Assets/environment/spacekit_2 by Kenney/Models/DAE format/pipe_rampSmall.dae using Guid(76ffa637053fc234790299b190afae93) Importer(815301076,1909f56bfc062723c751e8b465ee728b)  -> (artifact id: 'a84717cee128aa5cde4fcaa0a153a936') in 0.084488 seconds 
========================================================================
Received Import Request.
  Time since last request: 0.000041 seconds.
  path: Assets/environment/spacekit_2 by Kenney/Models/DAE format/craft_racer.dae
  artifactKey: Guid(2acb3be0eda020b4ca7b76630cfd0c4f) Importer(815301076,1909f56bfc062723c751e8b465ee728b)
Start importing Assets/environment/spacekit_2 by Kenney/Models/DAE format/craft_racer.dae using Guid(2acb3be0eda020b4ca7b76630cfd0c4f) Importer(815301076,1909f56bfc062723c751e8b465ee728b)  -> (artifact id: '3d2de60b9c33d4977d80194c55cd1c76') in 0.077668 seconds 
========================================================================
Received Import Request.
  Time since last request: 0.000030 seconds.
  path: Assets/environment/spacekit_2 by Kenney/Models/DAE format/rover.dae
  artifactKey: Guid(d40ea0024be0ed9469087457343c05f9) Importer(815301076,1909f56bfc062723c751e8b465ee728b)
Start importing Assets/environment/spacekit_2 by Kenney/Models/DAE format/rover.dae using Guid(d40ea0024be0ed9469087457343c05f9) Importer(815301076,1909f56bfc062723c751e8b465ee728b)  -> (artifact id: '46df39a58a338c07dd13ab002dc8a816') in 0.089145 seconds 
========================================================================
Received Import Request.
  Time since last request: 0.535210 seconds.
  path: Assets/environment/spacekit_2 by Kenney/Models/DAE format/monorail_trackSupport.dae
  artifactKey: Guid(4364635752101b245a1fa1f0b35a583e) Importer(815301076,1909f56bfc062723c751e8b465ee728b)
Start importing Assets/environment/spacekit_2 by Kenney/Models/DAE format/monorail_trackSupport.dae using Guid(4364635752101b245a1fa1f0b35a583e) Importer(815301076,1909f56bfc062723c751e8b465ee728b)  -> (artifact id: '2db3cecba1453031ca3ae75d188bc2bc') in 0.090049 seconds 
========================================================================
Received Import Request.
  Time since last request: 0.000042 seconds.
  path: Assets/environment/spacekit_2 by Kenney/Models/DAE format/hangar_smallA.dae
  artifactKey: Guid(8fbfb6f6b5bf34f47b1fd50f7f6a017c) Importer(815301076,1909f56bfc062723c751e8b465ee728b)
Start importing Assets/environment/spacekit_2 by Kenney/Models/DAE format/hangar_smallA.dae using Guid(8fbfb6f6b5bf34f47b1fd50f7f6a017c) Importer(815301076,1909f56bfc062723c751e8b465ee728b)  -> (artifact id: 'a3117e5b34af8acae660f35357f6635f') in 0.122448 seconds 
========================================================================
Received Import Request.
  Time since last request: 0.000030 seconds.
  path: Assets/environment/spacekit_2 by Kenney/Models/DAE format/pipe_ring.dae
  artifactKey: Guid(287f47d405de3064993196f07f9e8c63) Importer(815301076,1909f56bfc062723c751e8b465ee728b)
Start importing Assets/environment/spacekit_2 by Kenney/Models/DAE format/pipe_ring.dae using Guid(287f47d405de3064993196f07f9e8c63) Importer(815301076,1909f56bfc062723c751e8b465ee728b)  -> (artifact id: '2e5ce3bfb2dc2a1912e0a8b2231ee9d4') in 0.070321 seconds 
========================================================================
Received Import Request.
  Time since last request: 0.000029 seconds.
  path: Assets/environment/spacekit_2 by Kenney/Models/DAE format/pipe_cross.dae
  artifactKey: Guid(10f10e38ea1f78f4a9b46eb0a3782792) Importer(815301076,1909f56bfc062723c751e8b465ee728b)
Start importing Assets/environment/spacekit_2 by Kenney/Models/DAE format/pipe_cross.dae using Guid(10f10e38ea1f78f4a9b46eb0a3782792) Importer(815301076,1909f56bfc062723c751e8b465ee728b)  -> (artifact id: '73c93ff7fa87f16a1ec572315ecdd4f1') in 0.058623 seconds 
========================================================================
Received Import Request.
  Time since last request: 0.000025 seconds.
  path: Assets/environment/spacekit_2 by Kenney/Models/DAE format/pipe_split.dae
  artifactKey: Guid(76f78101a6e96034589d4bd0a68b4e77) Importer(815301076,1909f56bfc062723c751e8b465ee728b)
Start importing Assets/environment/spacekit_2 by Kenney/Models/DAE format/pipe_split.dae using Guid(76f78101a6e96034589d4bd0a68b4e77) Importer(815301076,1909f56bfc062723c751e8b465ee728b)  -> (artifact id: '12dc70fe83d4c58a27306c2d2fd61b43') in 0.054731 seconds 
========================================================================
Received Import Request.
  Time since last request: 0.000033 seconds.
  path: Assets/environment/spacekit_2 by Kenney/Models/DAE format/pipe_straight.dae
  artifactKey: Guid(7ab6570e30609d64e806e5c3e8c66136) Importer(815301076,1909f56bfc062723c751e8b465ee728b)
Start importing Assets/environment/spacekit_2 by Kenney/Models/DAE format/pipe_straight.dae using Guid(7ab6570e30609d64e806e5c3e8c66136) Importer(815301076,1909f56bfc062723c751e8b465ee728b)  -> (artifact id: '9a47959efe73294e1e695b82ef79dcf0') in 0.062116 seconds 
========================================================================
Received Import Request.
  Time since last request: 0.000053 seconds.
  path: Assets/environment/spacekit_2 by Kenney/Models/DAE format/desk_computerScreen.dae
  artifactKey: Guid(effa5bf79be3beb4ba088c66777781c1) Importer(815301076,1909f56bfc062723c751e8b465ee728b)
Start importing Assets/environment/spacekit_2 by Kenney/Models/DAE format/desk_computerScreen.dae using Guid(effa5bf79be3beb4ba088c66777781c1) Importer(815301076,1909f56bfc062723c751e8b465ee728b)  -> (artifact id: '94846b240fd872e20e22f354129097e8') in 0.062948 seconds 
========================================================================
Received Import Request.
  Time since last request: 0.000061 seconds.
  path: Assets/environment/spacekit_2 by Kenney/Models/DAE format/hangar_roundB.dae
  artifactKey: Guid(94dff570e099abe4d956560ad65155ee) Importer(815301076,1909f56bfc062723c751e8b465ee728b)
Start importing Assets/environment/spacekit_2 by Kenney/Models/DAE format/hangar_roundB.dae using Guid(94dff570e099abe4d956560ad65155ee) Importer(815301076,1909f56bfc062723c751e8b465ee728b)  -> (artifact id: '2026d50fce6d8ae05dccf4865ed88741') in 0.072640 seconds 
========================================================================
Received Import Request.
  Time since last request: 0.000034 seconds.
  path: Assets/environment/spacekit_2 by Kenney/Models/DAE format/craft_speederA.dae
  artifactKey: Guid(a371244b9119d2c45a20ddbd212bf762) Importer(815301076,1909f56bfc062723c751e8b465ee728b)
Start importing Assets/environment/spacekit_2 by Kenney/Models/DAE format/craft_speederA.dae using Guid(a371244b9119d2c45a20ddbd212bf762) Importer(815301076,1909f56bfc062723c751e8b465ee728b)  -> (artifact id: '8fe30c8ab042507f3bc33b98ec942de6') in 0.069393 seconds 
========================================================================
Received Import Request.
  Time since last request: 0.000025 seconds.
  path: Assets/environment/spacekit_2 by Kenney/Models/DAE format/monorail_trainPassenger.dae
  artifactKey: Guid(ee60e62655167264ab009ad331642619) Importer(815301076,1909f56bfc062723c751e8b465ee728b)
Start importing Assets/environment/spacekit_2 by Kenney/Models/DAE format/monorail_trainPassenger.dae using Guid(ee60e62655167264ab009ad331642619) Importer(815301076,1909f56bfc062723c751e8b465ee728b)  -> (artifact id: '42dfbf767dab9edd1e3aa589697849a9') in 0.074995 seconds 
========================================================================
Received Import Request.
  Time since last request: 0.000034 seconds.
  path: Assets/environment/spacekit_2 by Kenney/Models/DAE format/machine_wirelessCable.dae
  artifactKey: Guid(eaa5c4388ecd74844abf53783d905305) Importer(815301076,1909f56bfc062723c751e8b465ee728b)
Start importing Assets/environment/spacekit_2 by Kenney/Models/DAE format/machine_wirelessCable.dae using Guid(eaa5c4388ecd74844abf53783d905305) Importer(815301076,1909f56bfc062723c751e8b465ee728b)  -> (artifact id: '723d7b082daba1a57d1fca57444baa8b') in 0.090792 seconds 
========================================================================
Received Import Request.
  Time since last request: 0.051427 seconds.
  path: Assets/environment/spacekit_2 by Kenney/Models/DAE format/machine_wireless.dae
  artifactKey: Guid(b1d56409ebde122449651128491bedf2) Importer(815301076,1909f56bfc062723c751e8b465ee728b)
Start importing Assets/environment/spacekit_2 by Kenney/Models/DAE format/machine_wireless.dae using Guid(b1d56409ebde122449651128491bedf2) Importer(815301076,1909f56bfc062723c751e8b465ee728b)  -> (artifact id: '3e4e126ad9c193791e1b92b0e687c6a4') in 0.093279 seconds 
========================================================================
Received Import Request.
  Time since last request: 0.000027 seconds.
  path: Assets/environment/spacekit_2 by Kenney/Models/DAE format/gate_simple.dae
  artifactKey: Guid(7293b27ec9c82fc43858661b58ac8d6f) Importer(815301076,1909f56bfc062723c751e8b465ee728b)
Start importing Assets/environment/spacekit_2 by Kenney/Models/DAE format/gate_simple.dae using Guid(7293b27ec9c82fc43858661b58ac8d6f) Importer(815301076,1909f56bfc062723c751e8b465ee728b)  -> (artifact id: 'cbdb2a9e3b7a09f3cc55b821a853985d') in 0.066190 seconds 
========================================================================
Received Import Request.
  Time since last request: 0.000112 seconds.
  path: Assets/environment/spacekit_2 by Kenney/Models/DAE format/craft_speederB.dae
  artifactKey: Guid(80231148d70b26a45845de713910db95) Importer(815301076,1909f56bfc062723c751e8b465ee728b)
Start importing Assets/environment/spacekit_2 by Kenney/Models/DAE format/craft_speederB.dae using Guid(80231148d70b26a45845de713910db95) Importer(815301076,1909f56bfc062723c751e8b465ee728b)  -> (artifact id: 'c657c39dc181f0951f4da299c89689cd') in 0.087446 seconds 
========================================================================
Received Import Request.
  Time since last request: 0.000052 seconds.
  path: Assets/environment/spacekit_2 by Kenney/Models/DAE format/monorail_trainEnd.dae
  artifactKey: Guid(f28e7e8bc1501f0429495900acb62ee3) Importer(815301076,1909f56bfc062723c751e8b465ee728b)
Start importing Assets/environment/spacekit_2 by Kenney/Models/DAE format/monorail_trainEnd.dae using Guid(f28e7e8bc1501f0429495900acb62ee3) Importer(815301076,1909f56bfc062723c751e8b465ee728b)  -> (artifact id: '15beacefcadaac452696af5a5a74acd7') in 0.081764 seconds 
========================================================================
Received Import Request.
  Time since last request: 0.000032 seconds.
  path: Assets/environment/spacekit_2 by Kenney/Models/DAE format/monorail_trackSupportCorner.dae
  artifactKey: Guid(0a2e271de8baa4f4994465cd77d4b267) Importer(815301076,1909f56bfc062723c751e8b465ee728b)
Start importing Assets/environment/spacekit_2 by Kenney/Models/DAE format/monorail_trackSupportCorner.dae using Guid(0a2e271de8baa4f4994465cd77d4b267) Importer(815301076,1909f56bfc062723c751e8b465ee728b)  -> (artifact id: 'b7bb0cf8538a9940ef75a3b6bdda9213') in 0.058170 seconds 
========================================================================
Received Import Request.
  Time since last request: 0.000033 seconds.
  path: Assets/environment/spacekit_2 by Kenney/Models/DAE format/hangar_largeA.dae
  artifactKey: Guid(9760e9b2752cde34b9c6a6134832598f) Importer(815301076,1909f56bfc062723c751e8b465ee728b)
Start importing Assets/environment/spacekit_2 by Kenney/Models/DAE format/hangar_largeA.dae using Guid(9760e9b2752cde34b9c6a6134832598f) Importer(815301076,1909f56bfc062723c751e8b465ee728b)  -> (artifact id: 'f57625b1bc0b7c0a036f2d74a7bebd15') in 0.121197 seconds 
========================================================================
Received Import Request.
  Time since last request: 1.399765 seconds.
  path: Assets/TextMesh Pro/Resources/Fonts & Materials/LiberationSans SDF - Fallback.asset
  artifactKey: Guid(2e498d1c8094910479dc3e1b768306a4) Importer(815301076,1909f56bfc062723c751e8b465ee728b)
Start importing Assets/TextMesh Pro/Resources/Fonts & Materials/LiberationSans SDF - Fallback.asset using Guid(2e498d1c8094910479dc3e1b768306a4) Importer(815301076,1909f56bfc062723c751e8b465ee728b)  -> (artifact id: '9583506098fed4bbb70dbc56a092d1ae') in 0.062060 seconds 
========================================================================
Received Import Request.
  Time since last request: 0.000041 seconds.
  path: Assets/environment/spacekit_2 by Kenney/Models/DAE format/weapon_gun.dae
  artifactKey: Guid(b61225f5d59cfb44488901990d99e127) Importer(815301076,1909f56bfc062723c751e8b465ee728b)
Start importing Assets/environment/spacekit_2 by Kenney/Models/DAE format/weapon_gun.dae using Guid(b61225f5d59cfb44488901990d99e127) Importer(815301076,1909f56bfc062723c751e8b465ee728b)  -> (artifact id: '377a46c82d9d8e1836ed8a0fbe63a3f4') in 0.072799 seconds 
========================================================================
Received Import Request.
  Time since last request: 8.920169 seconds.
  path: Assets/characters&things/Scifi-Crate-Imagine-Life-UNITY-STORE/Models/Materials/ScifiCrate_2.mat
  artifactKey: Guid(e23589b0b3d1fa34e83d8e6e3d48d496) Importer(815301076,1909f56bfc062723c751e8b465ee728b)
Start importing Assets/characters&things/Scifi-Crate-Imagine-Life-UNITY-STORE/Models/Materials/ScifiCrate_2.mat using Guid(e23589b0b3d1fa34e83d8e6e3d48d496) Importer(815301076,1909f56bfc062723c751e8b465ee728b)  -> (artifact id: '53bb1abcf6bbd9f78f58d22e12cf0128') in 0.032436 seconds 
========================================================================
Received Import Request.
  Time since last request: 0.045775 seconds.
  path: Assets/environment/Blink materials/Textures/StylizedDesertTextures/Sand_1/Sand_1.mat
  artifactKey: Guid(a8bafeb9ce249ad449cd43f428bf7668) Importer(815301076,1909f56bfc062723c751e8b465ee728b)
Start importing Assets/environment/Blink materials/Textures/StylizedDesertTextures/Sand_1/Sand_1.mat using Guid(a8bafeb9ce249ad449cd43f428bf7668) Importer(815301076,1909f56bfc062723c751e8b465ee728b)  -> (artifact id: 'd3e0321791d54f07eb8ac4e2613919ee') in 0.083132 seconds 
========================================================================
Received Import Request.
  Time since last request: 10.097215 seconds.
  path: Assets/environment/Blink materials/Textures/StylizedLavaTextures/Rock_Ground_Cliff_1/Rock_Ground_Cliff_1.mat
  artifactKey: Guid(a74af49949acb0945b8396d6fa7b0bc5) Importer(815301076,1909f56bfc062723c751e8b465ee728b)
Start importing Assets/environment/Blink materials/Textures/StylizedLavaTextures/Rock_Ground_Cliff_1/Rock_Ground_Cliff_1.mat using Guid(a74af49949acb0945b8396d6fa7b0bc5) Importer(815301076,1909f56bfc062723c751e8b465ee728b)  -> (artifact id: '7454e56638903b0103db8ad63f874d20') in 0.051924 seconds 
========================================================================
Received Import Request.
  Time since last request: 0.935462 seconds.
  path: Assets/environment/SpaceSkies Free by Pulsar Bytes UNITY STORE/Skybox_3/Purple_4K_Resolution.mat
  artifactKey: Guid(95ebf50189f880e4aa17c4fdba9007aa) Importer(815301076,1909f56bfc062723c751e8b465ee728b)
Start importing Assets/environment/SpaceSkies Free by Pulsar Bytes UNITY STORE/Skybox_3/Purple_4K_Resolution.mat using Guid(95ebf50189f880e4aa17c4fdba9007aa) Importer(815301076,1909f56bfc062723c751e8b465ee728b)  -> (artifact id: '68684855a1a01748f873965f227b7b36') in 0.092570 seconds 
========================================================================
Received Import Request.
  Time since last request: 0.000037 seconds.
  path: Assets/environment/SpaceSkies Free by Pulsar Bytes UNITY STORE/Skybox_3/Purple_2K_Resolution.mat
  artifactKey: Guid(246d4b1ad4a63004d8fcf3949494e5b3) Importer(815301076,1909f56bfc062723c751e8b465ee728b)
Start importing Assets/environment/SpaceSkies Free by Pulsar Bytes UNITY STORE/Skybox_3/Purple_2K_Resolution.mat using Guid(246d4b1ad4a63004d8fcf3949494e5b3) Importer(815301076,1909f56bfc062723c751e8b465ee728b)  -> (artifact id: '7a819aa0db6e8656fe2438a0dae2e056') in 0.085362 seconds 
========================================================================
Received Import Request.
  Time since last request: 4.557997 seconds.
  path: Assets/environment/Indie_G_Low-Poly-Props-Pack_UNITY_STORE_ASSET/wooden_platform/Materials/platform_mat_a.mat
  artifactKey: Guid(d915c76b169dae2469b4c6927a3d00cc) Importer(815301076,1909f56bfc062723c751e8b465ee728b)
Start importing Assets/environment/Indie_G_Low-Poly-Props-Pack_UNITY_STORE_ASSET/wooden_platform/Materials/platform_mat_a.mat using Guid(d915c76b169dae2469b4c6927a3d00cc) Importer(815301076,1909f56bfc062723c751e8b465ee728b)  -> (artifact id: '414bb0f710c7372db357695d2aa9c30b') in 0.063184 seconds 
========================================================================
Received Import Request.
  Time since last request: 0.000034 seconds.
  path: Assets/environment/SpaceSkies Free by Pulsar Bytes UNITY STORE/Skybox_1/Pink_4K_Resolution.mat
  artifactKey: Guid(8401881fcb9afd34eb383fc90bbbbddc) Importer(815301076,1909f56bfc062723c751e8b465ee728b)
Start importing Assets/environment/SpaceSkies Free by Pulsar Bytes UNITY STORE/Skybox_1/Pink_4K_Resolution.mat using Guid(8401881fcb9afd34eb383fc90bbbbddc) Importer(815301076,1909f56bfc062723c751e8b465ee728b)  -> (artifact id: '3c75b0ac9baac4072d9b76e70c9cba82') in 0.096629 seconds 
========================================================================
Received Import Request.
  Time since last request: 0.715672 seconds.
  path: Assets/environment/Server Room_iPoly3D UNITY STORE/Models/chair.fbx
  artifactKey: Guid(020b98f52c31cc1408b7f931a6eca991) Importer(815301076,1909f56bfc062723c751e8b465ee728b)
Start importing Assets/environment/Server Room_iPoly3D UNITY STORE/Models/chair.fbx using Guid(020b98f52c31cc1408b7f931a6eca991) Importer(815301076,1909f56bfc062723c751e8b465ee728b)  -> (artifact id: '6071a5ce4254d16018fc159413167e96') in 0.056819 seconds 
========================================================================
Received Import Request.
  Time since last request: 0.167181 seconds.
  path: Assets/environment/Server Room_iPoly3D UNITY STORE/Models/password_panel.fbx
  artifactKey: Guid(d87d158441839f446a077a0b00461f87) Importer(815301076,1909f56bfc062723c751e8b465ee728b)
Start importing Assets/environment/Server Room_iPoly3D UNITY STORE/Models/password_panel.fbx using Guid(d87d158441839f446a077a0b00461f87) Importer(815301076,1909f56bfc062723c751e8b465ee728b)  -> (artifact id: 'f1a4ca946bb1ea1e17bac173d8feddc7') in 0.054037 seconds 
========================================================================
Received Import Request.
  Time since last request: 0.688232 seconds.
  path: Assets/environment/Server Room_iPoly3D UNITY STORE/Models/panel.fbx
  artifactKey: Guid(6c0dccc34dccb644c92e648bd6e4e73a) Importer(815301076,1909f56bfc062723c751e8b465ee728b)
Start importing Assets/environment/Server Room_iPoly3D UNITY STORE/Models/panel.fbx using Guid(6c0dccc34dccb644c92e648bd6e4e73a) Importer(815301076,1909f56bfc062723c751e8b465ee728b)  -> (artifact id: '4a3fadcc4855ccd32f68e5c74cc2c99c') in 0.060708 seconds 
========================================================================
Received Import Request.
  Time since last request: 0.653700 seconds.
  path: Assets/environment/Server Room_iPoly3D UNITY STORE/Models/pc.fbx
  artifactKey: Guid(e0ee3feddac32804d9bff3c2cc4f3940) Importer(815301076,1909f56bfc062723c751e8b465ee728b)
Start importing Assets/environment/Server Room_iPoly3D UNITY STORE/Models/pc.fbx using Guid(e0ee3feddac32804d9bff3c2cc4f3940) Importer(815301076,1909f56bfc062723c751e8b465ee728b)  -> (artifact id: '6dd3b60ee6bc19f8c99c6126bdf516b7') in 0.063788 seconds 
========================================================================
Received Import Request.
  Time since last request: 0.000041 seconds.
  path: Assets/environment/Server Room_iPoly3D UNITY STORE/Models/fire_extinguisher.fbx
  artifactKey: Guid(5b17bde83b8bf5549b577056ab462087) Importer(815301076,1909f56bfc062723c751e8b465ee728b)
Start importing Assets/environment/Server Room_iPoly3D UNITY STORE/Models/fire_extinguisher.fbx using Guid(5b17bde83b8bf5549b577056ab462087) Importer(815301076,1909f56bfc062723c751e8b465ee728b)  -> (artifact id: 'c80b39d09362ec33874eb9d67735348c') in 0.043925 seconds 
========================================================================
Received Import Request.
  Time since last request: 0.000048 seconds.
  path: Assets/environment/Server Room_iPoly3D UNITY STORE/Models/display.fbx
  artifactKey: Guid(16ad48e461256924d91d292f869989e1) Importer(815301076,1909f56bfc062723c751e8b465ee728b)
Start importing Assets/environment/Server Room_iPoly3D UNITY STORE/Models/display.fbx using Guid(16ad48e461256924d91d292f869989e1) Importer(815301076,1909f56bfc062723c751e8b465ee728b)  -> (artifact id: 'ae5dd81b3526830e84d9148f47f8dc5b') in 0.041391 seconds 
========================================================================
Received Import Request.
  Time since last request: 0.000048 seconds.
  path: Assets/environment/Server Room_iPoly3D UNITY STORE/Models/desk.fbx
  artifactKey: Guid(e51efe8d1427a2440b19959cf84e8e23) Importer(815301076,1909f56bfc062723c751e8b465ee728b)
Start importing Assets/environment/Server Room_iPoly3D UNITY STORE/Models/desk.fbx using Guid(e51efe8d1427a2440b19959cf84e8e23) Importer(815301076,1909f56bfc062723c751e8b465ee728b)  -> (artifact id: '8cc630a0e6361608adca248fa30abb3f') in 0.198346 seconds 
========================================================================
Received Import Request.
  Time since last request: 0.000036 seconds.
  path: Assets/environment/Server Room_iPoly3D UNITY STORE/Models/Keyboard.fbx
  artifactKey: Guid(251fbd0380ea83440af7758ab5b258b8) Importer(815301076,1909f56bfc062723c751e8b465ee728b)
Start importing Assets/environment/Server Room_iPoly3D UNITY STORE/Models/Keyboard.fbx using Guid(251fbd0380ea83440af7758ab5b258b8) Importer(815301076,1909f56bfc062723c751e8b465ee728b)  -> (artifact id: 'bb9a250a91c5d7b6c9ca84d53d75e50c') in 0.043123 seconds 
========================================================================
Received Import Request.
  Time since last request: 0.000031 seconds.
  path: Assets/environment/Server Room_iPoly3D UNITY STORE/Models/laptop.fbx
  artifactKey: Guid(93022fe0d96179447ad61a75d40fe493) Importer(815301076,1909f56bfc062723c751e8b465ee728b)
Start importing Assets/environment/Server Room_iPoly3D UNITY STORE/Models/laptop.fbx using Guid(93022fe0d96179447ad61a75d40fe493) Importer(815301076,1909f56bfc062723c751e8b465ee728b)  -> (artifact id: '0cf9cd1b160aa8430f21168c50f2c774') in 0.045179 seconds 
========================================================================
Received Import Request.
  Time since last request: 0.000026 seconds.
  path: Assets/environment/Server Room_iPoly3D UNITY STORE/Models/pencilbox.fbx
  artifactKey: Guid(eb7e39bb6ef2ad4459440d2e1b336347) Importer(815301076,1909f56bfc062723c751e8b465ee728b)
Start importing Assets/environment/Server Room_iPoly3D UNITY STORE/Models/pencilbox.fbx using Guid(eb7e39bb6ef2ad4459440d2e1b336347) Importer(815301076,1909f56bfc062723c751e8b465ee728b)  -> (artifact id: '19df526a662db03a339782a0a89921e6') in 0.047121 seconds 
========================================================================
Received Import Request.
  Time since last request: 0.000038 seconds.
  path: Assets/environment/Server Room_iPoly3D UNITY STORE/Models/mouse.fbx
  artifactKey: Guid(890914ced6bbf394898e4da597687956) Importer(815301076,1909f56bfc062723c751e8b465ee728b)
Start importing Assets/environment/Server Room_iPoly3D UNITY STORE/Models/mouse.fbx using Guid(890914ced6bbf394898e4da597687956) Importer(815301076,1909f56bfc062723c751e8b465ee728b)  -> (artifact id: '7e92cf8008eb67b915ae906796ddb17e') in 0.049477 seconds 
========================================================================
Received Import Request.
  Time since last request: 0.000025 seconds.
  path: Assets/environment/Server Room_iPoly3D UNITY STORE/Models/screen.fbx
  artifactKey: Guid(2f151eaa4a22d1e469db75c4ce4b35fa) Importer(815301076,1909f56bfc062723c751e8b465ee728b)
Start importing Assets/environment/Server Room_iPoly3D UNITY STORE/Models/screen.fbx using Guid(2f151eaa4a22d1e469db75c4ce4b35fa) Importer(815301076,1909f56bfc062723c751e8b465ee728b)  -> (artifact id: '01113e36f68983dab70be5deb4a531d7') in 0.046976 seconds 
========================================================================
Received Import Request.
  Time since last request: 79.086219 seconds.
  path: Assets/environment/spacekit_2 by Kenney/Models/DAE format/corridor_detailed.dae
  artifactKey: Guid(9b044c35d7c48b2479722509630de54d) Importer(815301076,1909f56bfc062723c751e8b465ee728b)
Start importing Assets/environment/spacekit_2 by Kenney/Models/DAE format/corridor_detailed.dae using Guid(9b044c35d7c48b2479722509630de54d) Importer(815301076,1909f56bfc062723c751e8b465ee728b)  -> (artifact id: '7ddb3acbeac56ced315dc32cf4b7ddb8') in 0.123990 seconds 
========================================================================
Received Import Request.
  Time since last request: 0.021229 seconds.
  path: Assets/environment/spacekit_2 by Kenney/Models/DAE format/corridor_cornerRoundWindow.dae
  artifactKey: Guid(8ccfb94f3cd9d0c4db8140a39dd674e6) Importer(815301076,1909f56bfc062723c751e8b465ee728b)
Start importing Assets/environment/spacekit_2 by Kenney/Models/DAE format/corridor_cornerRoundWindow.dae using Guid(8ccfb94f3cd9d0c4db8140a39dd674e6) Importer(815301076,1909f56bfc062723c751e8b465ee728b)  -> (artifact id: '893f632297d0ba40402da319209742e0') in 0.087005 seconds 
========================================================================
Received Import Request.
  Time since last request: 0.030850 seconds.
  path: Assets/TextMesh Pro/Fonts/LiberationSans.ttf
  artifactKey: Guid(e3265ab4bf004d28a9537516768c1c75) Importer(815301076,1909f56bfc062723c751e8b465ee728b)
Start importing Assets/TextMesh Pro/Fonts/LiberationSans.ttf using Guid(e3265ab4bf004d28a9537516768c1c75) Importer(815301076,1909f56bfc062723c751e8b465ee728b)  -> (artifact id: 'f3bd036785823e2281556a384dd6489b') in 0.028398 seconds 
========================================================================
Received Import Request.
  Time since last request: 0.030797 seconds.
  path: Assets/TextMesh Pro/Resources/Fonts & Materials/LiberationSans SDF - Drop Shadow.mat
  artifactKey: Guid(e73a58f6e2794ae7b1b7e50b7fb811b0) Importer(815301076,1909f56bfc062723c751e8b465ee728b)
Start importing Assets/TextMesh Pro/Resources/Fonts & Materials/LiberationSans SDF - Drop Shadow.mat using Guid(e73a58f6e2794ae7b1b7e50b7fb811b0) Importer(815301076,1909f56bfc062723c751e8b465ee728b)  -> (artifact id: 'e5a22610506f8687d85dbc775a66ec8f') in 0.178143 seconds 
========================================================================
Received Prepare
Registering precompiled user dll's ...
Registered in 0.006255 seconds.
Begin MonoManager ReloadAssembly
Symbol file LoadedFromMemory doesn't match image C:\Users\school\Documents\unity\RESTART Project Folder\Library\PackageCache\com.unity.visualscripting@1.7.8\Editor\VisualScripting.Core\Dependencies\YamlDotNet\Unity.VisualScripting.YamlDotNet.dll
Symbol file LoadedFromMemory doesn't match image C:\Users\school\Documents\unity\RESTART Project Folder\Library\PackageCache\com.unity.visualscripting@1.7.8\Editor\VisualScripting.Core\Dependencies\DotNetZip\Unity.VisualScripting.IonicZip.dll
Native extension for WindowsStandalone target not found
Refreshing native plugins compatible for Editor in 1.07 ms, found 3 plugins.
Preloading 0 native plugins for Editor in 0.00 ms.
Mono: successfully reloaded assembly
- Completed reload, in  1.234 seconds
Domain Reload Profiling:
	ReloadAssembly (1235ms)
		BeginReloadAssembly (155ms)
			ExecutionOrderSort (0ms)
			DisableScriptedObjects (5ms)
			BackupInstance (0ms)
			ReleaseScriptingObjects (0ms)
			CreateAndSetChildDomain (48ms)
		EndReloadAssembly (986ms)
			LoadAssemblies (85ms)
			RebuildTransferFunctionScriptingTraits (0ms)
			SetupTypeCache (246ms)
			ReleaseScriptCaches (3ms)
			RebuildScriptCaches (73ms)
			SetupLoadedEditorAssemblies (481ms)
				LogAssemblyErrors (0ms)
				InitializePlatformSupportModulesInManaged (20ms)
				SetLoadedEditorAssemblies (1ms)
				RefreshPlugins (1ms)
				BeforeProcessingInitializeOnLoad (88ms)
				ProcessInitializeOnLoadAttributes (323ms)
				ProcessInitializeOnLoadMethodAttributes (42ms)
				AfterProcessingInitializeOnLoad (6ms)
				EditorAssembliesLoaded (0ms)
			ExecutionOrderSort2 (0ms)
			AwakeInstancesAfterBackupRestoration (10ms)
Platform modules already initialized, skipping
Refreshing native plugins compatible for Editor in 2.94 ms, found 3 plugins.
Preloading 0 native plugins for Editor in 0.00 ms.
Unloading 3382 Unused Serialized files (Serialized files now loaded: 0)
Unloading 21 unused Assets / (80.1 KB). Loaded Objects now: 3952.
Memory consumption went from 127.0 MB to 126.9 MB.
Total: 3.894000 ms (FindLiveObjects: 0.281400 ms CreateObjectMapping: 0.112600 ms MarkObjects: 3.258400 ms  DeleteObjects: 0.238300 ms)

AssetImportParameters requested are different than current active one (requested -> active):
  custom:video-decoder-ogg-theora: a1e56fd34408186e4bbccfd4996cb3dc -> 
  custom:container-muxer-webm: aa71ff27fc2769a1b78a27578f13a17b -> 
  custom:container-demuxer-webm: 4f35f7cbe854078d1ac9338744f61a02 -> 
  custom:video-encoder-webm-vp8: eb34c28f22e8b96e1ab97ce403110664 -> 
  custom:audio-encoder-webm-vorbis: bf7c407c2cedff20999df2af8eb42d56 -> 
  custom:framework-win-MediaFoundation: 216162199b28c13a410421893ffa2e32 -> 
  custom:container-demuxer-ogg: 62fdf1f143b41e24485cea50d1cbac27 -> 
  custom:video-decoder-webm-vp8: 9c59270c3fd7afecdb556c50c9e8de78 -> 
  custom:audio-decoder-ogg-vorbis: bf7c407c2cedff20999df2af8eb42d56 -> 
========================================================================
Received Prepare
Registering precompiled user dll's ...
Registered in 0.004201 seconds.
Begin MonoManager ReloadAssembly
Symbol file LoadedFromMemory doesn't match image C:\Users\school\Documents\unity\RESTART Project Folder\Library\PackageCache\com.unity.visualscripting@1.7.8\Editor\VisualScripting.Core\Dependencies\YamlDotNet\Unity.VisualScripting.YamlDotNet.dll
Symbol file LoadedFromMemory doesn't match image C:\Users\school\Documents\unity\RESTART Project Folder\Library\PackageCache\com.unity.visualscripting@1.7.8\Editor\VisualScripting.Core\Dependencies\DotNetZip\Unity.VisualScripting.IonicZip.dll
Native extension for WindowsStandalone target not found
Refreshing native plugins compatible for Editor in 0.82 ms, found 3 plugins.
Preloading 0 native plugins for Editor in 0.00 ms.
Mono: successfully reloaded assembly
- Completed reload, in  1.390 seconds
Domain Reload Profiling:
	ReloadAssembly (1391ms)
		BeginReloadAssembly (144ms)
			ExecutionOrderSort (0ms)
			DisableScriptedObjects (5ms)
			BackupInstance (0ms)
			ReleaseScriptingObjects (0ms)
			CreateAndSetChildDomain (38ms)
		EndReloadAssembly (1128ms)
			LoadAssemblies (109ms)
			RebuildTransferFunctionScriptingTraits (0ms)
			SetupTypeCache (395ms)
			ReleaseScriptCaches (2ms)
			RebuildScriptCaches (71ms)
			SetupLoadedEditorAssemblies (478ms)
				LogAssemblyErrors (0ms)
				InitializePlatformSupportModulesInManaged (16ms)
				SetLoadedEditorAssemblies (1ms)
				RefreshPlugins (1ms)
				BeforeProcessingInitializeOnLoad (82ms)
				ProcessInitializeOnLoadAttributes (321ms)
				ProcessInitializeOnLoadMethodAttributes (48ms)
				AfterProcessingInitializeOnLoad (8ms)
				EditorAssembliesLoaded (0ms)
			ExecutionOrderSort2 (0ms)
			AwakeInstancesAfterBackupRestoration (9ms)
Platform modules already initialized, skipping
Refreshing native plugins compatible for Editor in 2.77 ms, found 3 plugins.
Preloading 0 native plugins for Editor in 0.00 ms.
Unloading 3382 Unused Serialized files (Serialized files now loaded: 0)
Unloading 21 unused Assets / (80.0 KB). Loaded Objects now: 3955.
Memory consumption went from 127.0 MB to 126.9 MB.
Total: 3.558900 ms (FindLiveObjects: 0.291200 ms CreateObjectMapping: 0.108300 ms MarkObjects: 3.041000 ms  DeleteObjects: 0.115600 ms)

AssetImportParameters requested are different than current active one (requested -> active):
  custom:video-decoder-ogg-theora: a1e56fd34408186e4bbccfd4996cb3dc -> 
  custom:container-muxer-webm: aa71ff27fc2769a1b78a27578f13a17b -> 
  custom:container-demuxer-webm: 4f35f7cbe854078d1ac9338744f61a02 -> 
  custom:video-encoder-webm-vp8: eb34c28f22e8b96e1ab97ce403110664 -> 
  custom:audio-encoder-webm-vorbis: bf7c407c2cedff20999df2af8eb42d56 -> 
  custom:framework-win-MediaFoundation: 216162199b28c13a410421893ffa2e32 -> 
  custom:container-demuxer-ogg: 62fdf1f143b41e24485cea50d1cbac27 -> 
  custom:video-decoder-webm-vp8: 9c59270c3fd7afecdb556c50c9e8de78 -> 
  custom:audio-decoder-ogg-vorbis: bf7c407c2cedff20999df2af8eb42d56 -> 
